# JRE version: Java(TM) SE Runtime Environment (8.0_91-b14) (build 1.8.0_91-b14)
# Java VM: Java HotSpot(TM) 64-Bit Server VM (25.91-b14 mixed mode linux-amd64 compressed oops)
Heap:
 PSYoungGen      total 232960K, used 54852K [0x00000000eab00000, 0x0000000100000000, 0x0000000100000000)
  eden space 116736K, 0% used [0x00000000eab00000,0x00000000eab00000,0x00000000f1d00000)
  from space 116224K, 47% used [0x00000000f1d00000,0x00000000f5291018,0x00000000f8e80000)
  to   space 116224K, 0% used [0x00000000f8e80000,0x00000000f8e80000,0x0000000100000000)
 ParOldGen       total 171008K, used 170690K [0x00000000c0000000, 0x00000000ca700000, 0x00000000eab00000)
  object space 171008K, 99% used [0x00000000c0000000,0x00000000ca6b0ae0,0x00000000ca700000)
 Metaspace       used 6172K, capacity 7216K, committed 7296K, reserved 1056768K
  class space    used 589K, capacity 616K, committed 640K, reserved 1048576K
GC Heap History (10 events):
Event: 17.300 GC heap after
Heap after GC invocations=16 (full 3):
 PSYoungGen      total 248832K, used 62122K [0x00000000eab00000, 0x0000000100000000, 0x0000000100000000)
  eden space 176128K, 0% used [0x00000000eab00000,0x00000000eab00000,0x00000000f5700000)
  from space 72704K, 85% used [0x00000000f5700000,0x00000000f93aa940,0x00000000f9e00000)
  to   space 80384K, 0% used [0x00000000fb180000,0x00000000fb180000,0x0000000100000000)
 ParOldGen       total 171008K, used 86505K [0x00000000c0000000, 0x00000000ca700000, 0x00000000eab00000)
  object space 171008K, 50% used [0x00000000c0000000,0x00000000c547a778,0x00000000ca700000)
 Metaspace       used 6146K, capacity 7216K, committed 7296K, reserved 1056768K
  class space    used 588K, capacity 616K, committed 640K, reserved 1048576K
}
Event: 18.744 GC heap before
{Heap before GC invocations=17 (full 3):
 PSYoungGen      total 248832K, used 238250K [0x00000000eab00000, 0x0000000100000000, 0x0000000100000000)
  eden space 176128K, 100% used [0x00000000eab00000,0x00000000f5700000,0x00000000f5700000)
  from space 72704K, 85% used [0x00000000f5700000,0x00000000f93aa940,0x00000000f9e00000)
  to   space 80384K, 0% used [0x00000000fb180000,0x00000000fb180000,0x0000000100000000)
 ParOldGen       total 171008K, used 86505K [0x00000000c0000000, 0x00000000ca700000, 0x00000000eab00000)
  object space 171008K, 50% used [0x00000000c0000000,0x00000000c547a778,0x00000000ca700000)
 Metaspace       used 6153K, capacity 7216K, committed 7296K, reserved 1056768K
  class space    used 588K, capacity 616K, committed 640K, reserved 1048576K
Event: 19.209 GC heap after
Heap after GC invocations=17 (full 3):
 PSYoungGen      total 239104K, used 80371K [0x00000000eab00000, 0x0000000100000000, 0x0000000100000000)
  eden space 158720K, 0% used [0x00000000eab00000,0x00000000eab00000,0x00000000f4600000)
  from space 80384K, 99% used [0x00000000fb180000,0x00000000ffffcfa8,0x0000000100000000)
  to   space 95232K, 0% used [0x00000000f4600000,0x00000000f4600000,0x00000000fa300000)
 ParOldGen       total 171008K, used 91834K [0x00000000c0000000, 0x00000000ca700000, 0x00000000eab00000)
  object space 171008K, 53% used [0x00000000c0000000,0x00000000c59aea78,0x00000000ca700000)
 Metaspace       used 6153K, capacity 7216K, committed 7296K, reserved 1056768K
  class space    used 588K, capacity 616K, committed 640K, reserved 1048576K
}
Event: 20.454 GC heap before
{Heap before GC invocations=18 (full 3):
 PSYoungGen      total 239104K, used 239091K [0x00000000eab00000, 0x0000000100000000, 0x0000000100000000)
  eden space 158720K, 100% used [0x00000000eab00000,0x00000000f4600000,0x00000000f4600000)
  from space 80384K, 99% used [0x00000000fb180000,0x00000000ffffcfa8,0x0000000100000000)
  to   space 95232K, 0% used [0x00000000f4600000,0x00000000f4600000,0x00000000fa300000)
 ParOldGen       total 171008K, used 91834K [0x00000000c0000000, 0x00000000ca700000, 0x00000000eab00000)
  object space 171008K, 53% used [0x00000000c0000000,0x00000000c59aea78,0x00000000ca700000)
 Metaspace       used 6162K, capacity 7216K, committed 7296K, reserved 1056768K
  class space    used 588K, capacity 616K, committed 640K, reserved 1048576K
Event: 20.825 GC heap after
Heap after GC invocations=18 (full 3):
 PSYoungGen      total 242176K, used 83173K [0x00000000eab00000, 0x0000000100000000, 0x0000000100000000)
  eden space 158720K, 0% used [0x00000000eab00000,0x00000000eab00000,0x00000000f4600000)
  from space 83456K, 99% used [0x00000000f4600000,0x00000000f9739630,0x00000000f9780000)
  to   space 105984K, 0% used [0x00000000f9880000,0x00000000f9880000,0x0000000100000000)
 ParOldGen       total 171008K, used 112537K [0x00000000c0000000, 0x00000000ca700000, 0x00000000eab00000)
  object space 171008K, 65% used [0x00000000c0000000,0x00000000c6de6718,0x00000000ca700000)
 Metaspace       used 6162K, capacity 7216K, committed 7296K, reserved 1056768K
  class space    used 588K, capacity 616K, committed 640K, reserved 1048576K
}
Event: 21.524 GC heap before
{Heap before GC invocations=19 (full 3):
 PSYoungGen      total 242176K, used 241893K [0x00000000eab00000, 0x0000000100000000, 0x0000000100000000)
  eden space 158720K, 100% used [0x00000000eab00000,0x00000000f4600000,0x00000000f4600000)
  from space 83456K, 99% used [0x00000000f4600000,0x00000000f9739630,0x00000000f9780000)
  to   space 105984K, 0% used [0x00000000f9880000,0x00000000f9880000,0x0000000100000000)
 ParOldGen       total 171008K, used 112537K [0x00000000c0000000, 0x00000000ca700000, 0x00000000eab00000)
  object space 171008K, 65% used [0x00000000c0000000,0x00000000c6de6718,0x00000000ca700000)
 Metaspace       used 6168K, capacity 7216K, committed 7296K, reserved 1056768K
  class space    used 588K, capacity 616K, committed 640K, reserved 1048576K
Event: 21.728 GC heap after
Heap after GC invocations=19 (full 3):
 PSYoungGen      total 222720K, used 101029K [0x00000000eab00000, 0x0000000100000000, 0x0000000100000000)
  eden space 116736K, 0% used [0x00000000eab00000,0x00000000eab00000,0x00000000f1d00000)
  from space 105984K, 95% used [0x00000000f9880000,0x00000000ffb29690,0x0000000100000000)
  to   space 116224K, 0% used [0x00000000f1d00000,0x00000000f1d00000,0x00000000f8e80000)
 ParOldGen       total 171008K, used 112537K [0x00000000c0000000, 0x00000000ca700000, 0x00000000eab00000)
  object space 171008K, 65% used [0x00000000c0000000,0x00000000c6de6718,0x00000000ca700000)
 Metaspace       used 6168K, capacity 7216K, committed 7296K, reserved 1056768K
  class space    used 588K, capacity 616K, committed 640K, reserved 1048576K
}
Event: 22.324 GC heap before
{Heap before GC invocations=20 (full 3):
 PSYoungGen      total 222720K, used 217765K [0x00000000eab00000, 0x0000000100000000, 0x0000000100000000)
  eden space 116736K, 100% used [0x00000000eab00000,0x00000000f1d00000,0x00000000f1d00000)
  from space 105984K, 95% used [0x00000000f9880000,0x00000000ffb29690,0x0000000100000000)
  to   space 116224K, 0% used [0x00000000f1d00000,0x00000000f1d00000,0x00000000f8e80000)
 ParOldGen       total 171008K, used 112537K [0x00000000c0000000, 0x00000000ca700000, 0x00000000eab00000)
  object space 171008K, 65% used [0x00000000c0000000,0x00000000c6de6718,0x00000000ca700000)
 Metaspace       used 6172K, capacity 7216K, committed 7296K, reserved 1056768K
  class space    used 589K, capacity 616K, committed 640K, reserved 1048576K
Event: 22.593 GC heap after
Heap after GC invocations=20 (full 3):
 PSYoungGen      total 232960K, used 89976K [0x00000000eab00000, 0x0000000100000000, 0x0000000100000000)
  eden space 116736K, 0% used [0x00000000eab00000,0x00000000eab00000,0x00000000f1d00000)
  from space 116224K, 77% used [0x00000000f1d00000,0x00000000f74de240,0x00000000f8e80000)
  to   space 116224K, 0% used [0x00000000f8e80000,0x00000000f8e80000,0x0000000100000000)
 ParOldGen       total 171008K, used 148617K [0x00000000c0000000, 0x00000000ca700000, 0x00000000eab00000)
  object space 171008K, 86% used [0x00000000c0000000,0x00000000c91226b8,0x00000000ca700000)
 Metaspace       used 6172K, capacity 7216K, committed 7296K, reserved 1056768K
  class space    used 589K, capacity 616K, committed 640K, reserved 1048576K
}
Event: 22.593 GC heap before
{Heap before GC invocations=21 (full 4):
 PSYoungGen      total 232960K, used 89976K [0x00000000eab00000, 0x0000000100000000, 0x0000000100000000)
  eden space 116736K, 0% used [0x00000000eab00000,0x00000000eab00000,0x00000000f1d00000)
  from space 116224K, 77% used [0x00000000f1d00000,0x00000000f74de240,0x00000000f8e80000)
  to   space 116224K, 0% used [0x00000000f8e80000,0x00000000f8e80000,0x0000000100000000)
 ParOldGen       total 171008K, used 148617K [0x00000000c0000000, 0x00000000ca700000, 0x00000000eab00000)
  object space 171008K, 86% used [0x00000000c0000000,0x00000000c91226b8,0x00000000ca700000)
 Metaspace       used 6172K, capacity 7216K, committed 7296K, reserved 1056768K
  class space    used 589K, capacity 616K, committed 640K, reserved 1048576K

