# JRE version: Java(TM) SE Runtime Environment (8.0_91-b14) (build 1.8.0_91-b14)
# Java VM: Java HotSpot(TM) 64-Bit Server VM (25.91-b14 mixed mode linux-amd64 compressed oops)
Heap:
 PSYoungGen      total 243200K, used 0K [0x00000000eab00000, 0x00000000ffb00000, 0x0000000100000000)
  eden space 196608K, 0% used [0x00000000eab00000,0x00000000eab00000,0x00000000f6b00000)
  from space 46592K, 0% used [0x00000000f6b00000,0x00000000f6b00000,0x00000000f9880000)
  to   space 46592K, 0% used [0x00000000fcd80000,0x00000000fcd80000,0x00000000ffb00000)
 ParOldGen       total 147968K, used 145872K [0x00000000c0000000, 0x00000000c9080000, 0x00000000eab00000)
  object space 147968K, 98% used [0x00000000c0000000,0x00000000c8e74270,0x00000000c9080000)
 Metaspace       used 6172K, capacity 7216K, committed 7296K, reserved 1056768K
  class space    used 588K, capacity 616K, committed 640K, reserved 1048576K
GC Heap History (10 events):
Event: 7.077 GC heap after
Heap after GC invocations=14 (full 2):
 PSYoungGen      total 204800K, used 16320K [0x00000000eab00000, 0x00000000f9e80000, 0x0000000100000000)
  eden space 165376K, 0% used [0x00000000eab00000,0x00000000eab00000,0x00000000f4c80000)
  from space 39424K, 41% used [0x00000000f7800000,0x00000000f87f0370,0x00000000f9e80000)
  to   space 41984K, 0% used [0x00000000f4c80000,0x00000000f4c80000,0x00000000f7580000)
 ParOldGen       total 90112K, used 79208K [0x00000000c0000000, 0x00000000c5800000, 0x00000000eab00000)
  object space 90112K, 87% used [0x00000000c0000000,0x00000000c4d5a370,0x00000000c5800000)
 Metaspace       used 6066K, capacity 7152K, committed 7296K, reserved 1056768K
  class space    used 588K, capacity 616K, committed 640K, reserved 1048576K
}
Event: 7.077 GC heap before
{Heap before GC invocations=15 (full 3):
 PSYoungGen      total 204800K, used 16320K [0x00000000eab00000, 0x00000000f9e80000, 0x0000000100000000)
  eden space 165376K, 0% used [0x00000000eab00000,0x00000000eab00000,0x00000000f4c80000)
  from space 39424K, 41% used [0x00000000f7800000,0x00000000f87f0370,0x00000000f9e80000)
  to   space 41984K, 0% used [0x00000000f4c80000,0x00000000f4c80000,0x00000000f7580000)
 ParOldGen       total 90112K, used 79208K [0x00000000c0000000, 0x00000000c5800000, 0x00000000eab00000)
  object space 90112K, 87% used [0x00000000c0000000,0x00000000c4d5a370,0x00000000c5800000)
 Metaspace       used 6066K, capacity 7152K, committed 7296K, reserved 1056768K
  class space    used 588K, capacity 616K, committed 640K, reserved 1048576K
Event: 7.480 GC heap after
Heap after GC invocations=15 (full 3):
 PSYoungGen      total 204800K, used 0K [0x00000000eab00000, 0x00000000f9e80000, 0x0000000100000000)
  eden space 165376K, 0% used [0x00000000eab00000,0x00000000eab00000,0x00000000f4c80000)
  from space 39424K, 0% used [0x00000000f7800000,0x00000000f7800000,0x00000000f9e80000)
  to   space 41984K, 0% used [0x00000000f4c80000,0x00000000f4c80000,0x00000000f7580000)
 ParOldGen       total 147968K, used 80100K [0x00000000c0000000, 0x00000000c9080000, 0x00000000eab00000)
  object space 147968K, 54% used [0x00000000c0000000,0x00000000c4e39318,0x00000000c9080000)
 Metaspace       used 6066K, capacity 7152K, committed 7296K, reserved 1056768K
  class space    used 588K, capacity 616K, committed 640K, reserved 1048576K
}
Event: 8.186 GC heap before
{Heap before GC invocations=16 (full 3):
 PSYoungGen      total 204800K, used 165376K [0x00000000eab00000, 0x00000000f9e80000, 0x0000000100000000)
  eden space 165376K, 100% used [0x00000000eab00000,0x00000000f4c80000,0x00000000f4c80000)
  from space 39424K, 0% used [0x00000000f7800000,0x00000000f7800000,0x00000000f9e80000)
  to   space 41984K, 0% used [0x00000000f4c80000,0x00000000f4c80000,0x00000000f7580000)
 ParOldGen       total 147968K, used 80100K [0x00000000c0000000, 0x00000000c9080000, 0x00000000eab00000)
  object space 147968K, 54% used [0x00000000c0000000,0x00000000c4e39318,0x00000000c9080000)
 Metaspace       used 6108K, capacity 7152K, committed 7296K, reserved 1056768K
  class space    used 588K, capacity 616K, committed 640K, reserved 1048576K
Event: 8.223 GC heap after
Heap after GC invocations=16 (full 3):
 PSYoungGen      total 207360K, used 19824K [0x00000000eab00000, 0x00000000fc000000, 0x0000000100000000)
  eden space 165376K, 0% used [0x00000000eab00000,0x00000000eab00000,0x00000000f4c80000)
  from space 41984K, 47% used [0x00000000f4c80000,0x00000000f5fdc248,0x00000000f7580000)
  to   space 40448K, 0% used [0x00000000f9880000,0x00000000f9880000,0x00000000fc000000)
 ParOldGen       total 147968K, used 80108K [0x00000000c0000000, 0x00000000c9080000, 0x00000000eab00000)
  object space 147968K, 54% used [0x00000000c0000000,0x00000000c4e3b318,0x00000000c9080000)
 Metaspace       used 6108K, capacity 7152K, committed 7296K, reserved 1056768K
  class space    used 588K, capacity 616K, committed 640K, reserved 1048576K
}
Event: 8.731 GC heap before
{Heap before GC invocations=17 (full 3):
 PSYoungGen      total 207360K, used 185200K [0x00000000eab00000, 0x00000000fc000000, 0x0000000100000000)
  eden space 165376K, 100% used [0x00000000eab00000,0x00000000f4c80000,0x00000000f4c80000)
  from space 41984K, 47% used [0x00000000f4c80000,0x00000000f5fdc248,0x00000000f7580000)
  to   space 40448K, 0% used [0x00000000f9880000,0x00000000f9880000,0x00000000fc000000)
 ParOldGen       total 147968K, used 80108K [0x00000000c0000000, 0x00000000c9080000, 0x00000000eab00000)
  object space 147968K, 54% used [0x00000000c0000000,0x00000000c4e3b318,0x00000000c9080000)
 Metaspace       used 6132K, capacity 7216K, committed 7296K, reserved 1056768K
  class space    used 588K, capacity 616K, committed 640K, reserved 1048576K
Event: 8.805 GC heap after
Heap after GC invocations=17 (full 3):
 PSYoungGen      total 237056K, used 40429K [0x00000000eab00000, 0x00000000fd180000, 0x0000000100000000)
  eden space 196608K, 0% used [0x00000000eab00000,0x00000000eab00000,0x00000000f6b00000)
  from space 40448K, 99% used [0x00000000f9880000,0x00000000fbffb418,0x00000000fc000000)
  to   space 46592K, 0% used [0x00000000f6b00000,0x00000000f6b00000,0x00000000f9880000)
 ParOldGen       total 147968K, used 80188K [0x00000000c0000000, 0x00000000c9080000, 0x00000000eab00000)
  object space 147968K, 54% used [0x00000000c0000000,0x00000000c4e4f318,0x00000000c9080000)
 Metaspace       used 6132K, capacity 7216K, committed 7296K, reserved 1056768K
  class space    used 588K, capacity 616K, committed 640K, reserved 1048576K
}
Event: 9.833 GC heap before
{Heap before GC invocations=18 (full 3):
 PSYoungGen      total 237056K, used 237037K [0x00000000eab00000, 0x00000000fd180000, 0x0000000100000000)
  eden space 196608K, 100% used [0x00000000eab00000,0x00000000f6b00000,0x00000000f6b00000)
  from space 40448K, 99% used [0x00000000f9880000,0x00000000fbffb418,0x00000000fc000000)
  to   space 46592K, 0% used [0x00000000f6b00000,0x00000000f6b00000,0x00000000f9880000)
 ParOldGen       total 147968K, used 80188K [0x00000000c0000000, 0x00000000c9080000, 0x00000000eab00000)
  object space 147968K, 54% used [0x00000000c0000000,0x00000000c4e4f318,0x00000000c9080000)
 Metaspace       used 6172K, capacity 7216K, committed 7296K, reserved 1056768K
  class space    used 588K, capacity 616K, committed 640K, reserved 1048576K
Event: 9.960 GC heap after
Heap after GC invocations=18 (full 3):
 PSYoungGen      total 243200K, used 26813K [0x00000000eab00000, 0x00000000ffb00000, 0x0000000100000000)
  eden space 196608K, 0% used [0x00000000eab00000,0x00000000eab00000,0x00000000f6b00000)
  from space 46592K, 57% used [0x00000000f6b00000,0x00000000f852f688,0x00000000f9880000)
  to   space 46592K, 0% used [0x00000000fcd80000,0x00000000fcd80000,0x00000000ffb00000)
 ParOldGen       total 147968K, used 120530K [0x00000000c0000000, 0x00000000c9080000, 0x00000000eab00000)
  object space 147968K, 81% used [0x00000000c0000000,0x00000000c75b4b70,0x00000000c9080000)
 Metaspace       used 6172K, capacity 7216K, committed 7296K, reserved 1056768K
  class space    used 588K, capacity 616K, committed 640K, reserved 1048576K
}
Event: 9.960 GC heap before
{Heap before GC invocations=19 (full 4):
 PSYoungGen      total 243200K, used 26813K [0x00000000eab00000, 0x00000000ffb00000, 0x0000000100000000)
  eden space 196608K, 0% used [0x00000000eab00000,0x00000000eab00000,0x00000000f6b00000)
  from space 46592K, 57% used [0x00000000f6b00000,0x00000000f852f688,0x00000000f9880000)
  to   space 46592K, 0% used [0x00000000fcd80000,0x00000000fcd80000,0x00000000ffb00000)
 ParOldGen       total 147968K, used 120530K [0x00000000c0000000, 0x00000000c9080000, 0x00000000eab00000)
  object space 147968K, 81% used [0x00000000c0000000,0x00000000c75b4b70,0x00000000c9080000)
 Metaspace       used 6172K, capacity 7216K, committed 7296K, reserved 1056768K
  class space    used 588K, capacity 616K, committed 640K, reserved 1048576K

