# JRE version: Java(TM) SE Runtime Environment (8.0_91-b14) (build 1.8.0_91-b14)
# Java VM: Java HotSpot(TM) 64-Bit Server VM (25.91-b14 mixed mode linux-amd64 compressed oops)
Heap:
 PSYoungGen      total 205824K, used 47483K [0x00000000eab00000, 0x0000000100000000, 0x0000000100000000)
  eden space 134144K, 0% used [0x00000000eab00000,0x00000000eab00000,0x00000000f2e00000)
  from space 71680K, 66% used [0x00000000f2e00000,0x00000000f5c5ec00,0x00000000f7400000)
  to   space 112128K, 0% used [0x00000000f9280000,0x00000000f9280000,0x0000000100000000)
 ParOldGen       total 177152K, used 177151K [0x00000000c0000000, 0x00000000cad00000, 0x00000000eab00000)
  object space 177152K, 99% used [0x00000000c0000000,0x00000000cacffec8,0x00000000cad00000)
 Metaspace       used 6180K, capacity 7216K, committed 7296K, reserved 1056768K
  class space    used 588K, capacity 616K, committed 640K, reserved 1048576K
GC Heap History (10 events):
Event: 15.454 GC heap after
Heap after GC invocations=13 (full 2):
 PSYoungGen      total 276480K, used 36080K [0x00000000eab00000, 0x00000000fff00000, 0x0000000100000000)
  eden space 203776K, 0% used [0x00000000eab00000,0x00000000eab00000,0x00000000f7200000)
  from space 72704K, 49% used [0x00000000f7200000,0x00000000f953c020,0x00000000fb900000)
  to   space 71680K, 0% used [0x00000000fb900000,0x00000000fb900000,0x00000000fff00000)
 ParOldGen       total 177152K, used 98931K [0x00000000c0000000, 0x00000000cad00000, 0x00000000eab00000)
  object space 177152K, 55% used [0x00000000c0000000,0x00000000c609ceb0,0x00000000cad00000)
 Metaspace       used 6111K, capacity 7216K, committed 7296K, reserved 1056768K
  class space    used 588K, capacity 616K, committed 640K, reserved 1048576K
}
Event: 16.716 GC heap before
{Heap before GC invocations=14 (full 2):
 PSYoungGen      total 276480K, used 239856K [0x00000000eab00000, 0x00000000fff00000, 0x0000000100000000)
  eden space 203776K, 100% used [0x00000000eab00000,0x00000000f7200000,0x00000000f7200000)
  from space 72704K, 49% used [0x00000000f7200000,0x00000000f953c020,0x00000000fb900000)
  to   space 71680K, 0% used [0x00000000fb900000,0x00000000fb900000,0x00000000fff00000)
 ParOldGen       total 177152K, used 98931K [0x00000000c0000000, 0x00000000cad00000, 0x00000000eab00000)
  object space 177152K, 55% used [0x00000000c0000000,0x00000000c609ceb0,0x00000000cad00000)
 Metaspace       used 6167K, capacity 7216K, committed 7296K, reserved 1056768K
  class space    used 588K, capacity 616K, committed 640K, reserved 1048576K
Event: 16.904 GC heap after
Heap after GC invocations=14 (full 2):
 PSYoungGen      total 269312K, used 51525K [0x00000000eab00000, 0x0000000100000000, 0x0000000100000000)
  eden space 197632K, 0% used [0x00000000eab00000,0x00000000eab00000,0x00000000f6c00000)
  from space 71680K, 71% used [0x00000000fb900000,0x00000000feb51758,0x00000000fff00000)
  to   space 75776K, 0% used [0x00000000f6c00000,0x00000000f6c00000,0x00000000fb600000)
 ParOldGen       total 177152K, used 98939K [0x00000000c0000000, 0x00000000cad00000, 0x00000000eab00000)
  object space 177152K, 55% used [0x00000000c0000000,0x00000000c609eeb0,0x00000000cad00000)
 Metaspace       used 6167K, capacity 7216K, committed 7296K, reserved 1056768K
  class space    used 588K, capacity 616K, committed 640K, reserved 1048576K
}
Event: 18.272 GC heap before
{Heap before GC invocations=15 (full 2):
 PSYoungGen      total 269312K, used 249157K [0x00000000eab00000, 0x0000000100000000, 0x0000000100000000)
  eden space 197632K, 100% used [0x00000000eab00000,0x00000000f6c00000,0x00000000f6c00000)
  from space 71680K, 71% used [0x00000000fb900000,0x00000000feb51758,0x00000000fff00000)
  to   space 75776K, 0% used [0x00000000f6c00000,0x00000000f6c00000,0x00000000fb600000)
 ParOldGen       total 177152K, used 98939K [0x00000000c0000000, 0x00000000cad00000, 0x00000000eab00000)
  object space 177152K, 55% used [0x00000000c0000000,0x00000000c609eeb0,0x00000000cad00000)
 Metaspace       used 6176K, capacity 7216K, committed 7296K, reserved 1056768K
  class space    used 588K, capacity 616K, committed 640K, reserved 1048576K
Event: 18.523 GC heap after
Heap after GC invocations=15 (full 2):
 PSYoungGen      total 273408K, used 75772K [0x00000000eab00000, 0x0000000100000000, 0x0000000100000000)
  eden space 197632K, 0% used [0x00000000eab00000,0x00000000eab00000,0x00000000f6c00000)
  from space 75776K, 99% used [0x00000000f6c00000,0x00000000fb5ff338,0x00000000fb600000)
  to   space 75776K, 0% used [0x00000000fb600000,0x00000000fb600000,0x0000000100000000)
 ParOldGen       total 177152K, used 102083K [0x00000000c0000000, 0x00000000cad00000, 0x00000000eab00000)
  object space 177152K, 57% used [0x00000000c0000000,0x00000000c63b0eb0,0x00000000cad00000)
 Metaspace       used 6176K, capacity 7216K, committed 7296K, reserved 1056768K
  class space    used 588K, capacity 616K, committed 640K, reserved 1048576K
}
Event: 19.904 GC heap before
{Heap before GC invocations=16 (full 2):
 PSYoungGen      total 273408K, used 273404K [0x00000000eab00000, 0x0000000100000000, 0x0000000100000000)
  eden space 197632K, 100% used [0x00000000eab00000,0x00000000f6c00000,0x00000000f6c00000)
  from space 75776K, 99% used [0x00000000f6c00000,0x00000000fb5ff338,0x00000000fb600000)
  to   space 75776K, 0% used [0x00000000fb600000,0x00000000fb600000,0x0000000100000000)
 ParOldGen       total 177152K, used 102083K [0x00000000c0000000, 0x00000000cad00000, 0x00000000eab00000)
  object space 177152K, 57% used [0x00000000c0000000,0x00000000c63b0eb0,0x00000000cad00000)
 Metaspace       used 6180K, capacity 7216K, committed 7296K, reserved 1056768K
  class space    used 588K, capacity 616K, committed 640K, reserved 1048576K
Event: 20.118 GC heap after
Heap after GC invocations=16 (full 2):
 PSYoungGen      total 209920K, used 75760K [0x00000000eab00000, 0x0000000100000000, 0x0000000100000000)
  eden space 134144K, 0% used [0x00000000eab00000,0x00000000eab00000,0x00000000f2e00000)
  from space 75776K, 99% used [0x00000000fb600000,0x00000000ffffc0b0,0x0000000100000000)
  to   space 107520K, 0% used [0x00000000f2e00000,0x00000000f2e00000,0x00000000f9700000)
 ParOldGen       total 177152K, used 126272K [0x00000000c0000000, 0x00000000cad00000, 0x00000000eab00000)
  object space 177152K, 71% used [0x00000000c0000000,0x00000000c7b50050,0x00000000cad00000)
 Metaspace       used 6180K, capacity 7216K, committed 7296K, reserved 1056768K
  class space    used 588K, capacity 616K, committed 640K, reserved 1048576K
}
Event: 21.120 GC heap before
{Heap before GC invocations=17 (full 2):
 PSYoungGen      total 209920K, used 209904K [0x00000000eab00000, 0x0000000100000000, 0x0000000100000000)
  eden space 134144K, 100% used [0x00000000eab00000,0x00000000f2e00000,0x00000000f2e00000)
  from space 75776K, 99% used [0x00000000fb600000,0x00000000ffffc0b0,0x0000000100000000)
  to   space 107520K, 0% used [0x00000000f2e00000,0x00000000f2e00000,0x00000000f9700000)
 ParOldGen       total 177152K, used 126272K [0x00000000c0000000, 0x00000000cad00000, 0x00000000eab00000)
  object space 177152K, 71% used [0x00000000c0000000,0x00000000c7b50050,0x00000000cad00000)
 Metaspace       used 6180K, capacity 7216K, committed 7296K, reserved 1056768K
  class space    used 588K, capacity 616K, committed 640K, reserved 1048576K
Event: 21.444 GC heap after
Heap after GC invocations=17 (full 2):
 PSYoungGen      total 205824K, used 71337K [0x00000000eab00000, 0x0000000100000000, 0x0000000100000000)
  eden space 134144K, 0% used [0x00000000eab00000,0x00000000eab00000,0x00000000f2e00000)
  from space 71680K, 99% used [0x00000000f2e00000,0x00000000f73aa498,0x00000000f7400000)
  to   space 112128K, 0% used [0x00000000f9280000,0x00000000f9280000,0x0000000100000000)
 ParOldGen       total 177152K, used 158877K [0x00000000c0000000, 0x00000000cad00000, 0x00000000eab00000)
  object space 177152K, 89% used [0x00000000c0000000,0x00000000c9b27420,0x00000000cad00000)
 Metaspace       used 6180K, capacity 7216K, committed 7296K, reserved 1056768K
  class space    used 588K, capacity 616K, committed 640K, reserved 1048576K
}
Event: 21.444 GC heap before
{Heap before GC invocations=18 (full 3):
 PSYoungGen      total 205824K, used 71337K [0x00000000eab00000, 0x0000000100000000, 0x0000000100000000)
  eden space 134144K, 0% used [0x00000000eab00000,0x00000000eab00000,0x00000000f2e00000)
  from space 71680K, 99% used [0x00000000f2e00000,0x00000000f73aa498,0x00000000f7400000)
  to   space 112128K, 0% used [0x00000000f9280000,0x00000000f9280000,0x0000000100000000)
 ParOldGen       total 177152K, used 158877K [0x00000000c0000000, 0x00000000cad00000, 0x00000000eab00000)
  object space 177152K, 89% used [0x00000000c0000000,0x00000000c9b27420,0x00000000cad00000)
 Metaspace       used 6180K, capacity 7216K, committed 7296K, reserved 1056768K
  class space    used 588K, capacity 616K, committed 640K, reserved 1048576K

