# JRE version: Java(TM) SE Runtime Environment (8.0_91-b14) (build 1.8.0_91-b14)
# Java VM: Java HotSpot(TM) 64-Bit Server VM (25.91-b14 mixed mode linux-amd64 compressed oops)
Heap:
 PSYoungGen      total 252928K, used 28848K [0x00000000eab00000, 0x0000000100000000, 0x0000000100000000)
  eden space 152064K, 0% used [0x00000000eab00000,0x00000000eab00000,0x00000000f3f80000)
  from space 100864K, 28% used [0x00000000f9d80000,0x00000000fb9ac360,0x0000000100000000)
  to   space 96256K, 0% used [0x00000000f3f80000,0x00000000f3f80000,0x00000000f9d80000)
 ParOldGen       total 205824K, used 205626K [0x00000000c0000000, 0x00000000cc900000, 0x00000000eab00000)
  object space 205824K, 99% used [0x00000000c0000000,0x00000000cc8ceb80,0x00000000cc900000)
 Metaspace       used 6204K, capacity 7280K, committed 7552K, reserved 1056768K
  class space    used 592K, capacity 616K, committed 640K, reserved 1048576K
GC Heap History (10 events):
Event: 21.321 GC heap after
Heap after GC invocations=17 (full 3):
 PSYoungGen      total 262656K, used 23857K [0x00000000eab00000, 0x0000000100000000, 0x0000000100000000)
  eden space 172544K, 0% used [0x00000000eab00000,0x00000000eab00000,0x00000000f5380000)
  from space 90112K, 26% used [0x00000000fa800000,0x00000000fbf4c758,0x0000000100000000)
  to   space 86528K, 0% used [0x00000000f5380000,0x00000000f5380000,0x00000000fa800000)
 ParOldGen       total 205824K, used 123361K [0x00000000c0000000, 0x00000000cc900000, 0x00000000eab00000)
  object space 205824K, 59% used [0x00000000c0000000,0x00000000c78784a0,0x00000000cc900000)
 Metaspace       used 6169K, capacity 7216K, committed 7296K, reserved 1056768K
  class space    used 588K, capacity 616K, committed 640K, reserved 1048576K
}
Event: 22.103 GC heap before
{Heap before GC invocations=18 (full 3):
 PSYoungGen      total 262656K, used 196401K [0x00000000eab00000, 0x0000000100000000, 0x0000000100000000)
  eden space 172544K, 100% used [0x00000000eab00000,0x00000000f5380000,0x00000000f5380000)
  from space 90112K, 26% used [0x00000000fa800000,0x00000000fbf4c758,0x0000000100000000)
  to   space 86528K, 0% used [0x00000000f5380000,0x00000000f5380000,0x00000000fa800000)
 ParOldGen       total 205824K, used 123361K [0x00000000c0000000, 0x00000000cc900000, 0x00000000eab00000)
  object space 205824K, 59% used [0x00000000c0000000,0x00000000c78784a0,0x00000000cc900000)
 Metaspace       used 6178K, capacity 7216K, committed 7296K, reserved 1056768K
  class space    used 588K, capacity 616K, committed 640K, reserved 1048576K
Event: 22.251 GC heap after
Heap after GC invocations=18 (full 3):
 PSYoungGen      total 259072K, used 47753K [0x00000000eab00000, 0x00000000ffc80000, 0x0000000100000000)
  eden space 172544K, 0% used [0x00000000eab00000,0x00000000eab00000,0x00000000f5380000)
  from space 86528K, 55% used [0x00000000f5380000,0x00000000f82227c8,0x00000000fa800000)
  to   space 86528K, 0% used [0x00000000fa800000,0x00000000fa800000,0x00000000ffc80000)
 ParOldGen       total 205824K, used 123393K [0x00000000c0000000, 0x00000000cc900000, 0x00000000eab00000)
  object space 205824K, 59% used [0x00000000c0000000,0x00000000c78804a0,0x00000000cc900000)
 Metaspace       used 6178K, capacity 7216K, committed 7296K, reserved 1056768K
  class space    used 588K, capacity 616K, committed 640K, reserved 1048576K
}
Event: 22.927 GC heap before
{Heap before GC invocations=19 (full 3):
 PSYoungGen      total 259072K, used 220297K [0x00000000eab00000, 0x00000000ffc80000, 0x0000000100000000)
  eden space 172544K, 100% used [0x00000000eab00000,0x00000000f5380000,0x00000000f5380000)
  from space 86528K, 55% used [0x00000000f5380000,0x00000000f82227c8,0x00000000fa800000)
  to   space 86528K, 0% used [0x00000000fa800000,0x00000000fa800000,0x00000000ffc80000)
 ParOldGen       total 205824K, used 123393K [0x00000000c0000000, 0x00000000cc900000, 0x00000000eab00000)
  object space 205824K, 59% used [0x00000000c0000000,0x00000000c78804a0,0x00000000cc900000)
 Metaspace       used 6181K, capacity 7216K, committed 7296K, reserved 1056768K
  class space    used 588K, capacity 616K, committed 640K, reserved 1048576K
Event: 23.084 GC heap after
Heap after GC invocations=19 (full 3):
 PSYoungGen      total 244224K, used 73419K [0x00000000eab00000, 0x0000000100000000, 0x0000000100000000)
  eden space 157696K, 0% used [0x00000000eab00000,0x00000000eab00000,0x00000000f4500000)
  from space 86528K, 84% used [0x00000000fa800000,0x00000000fefb2c78,0x00000000ffc80000)
  to   space 95744K, 0% used [0x00000000f4500000,0x00000000f4500000,0x00000000fa280000)
 ParOldGen       total 205824K, used 124897K [0x00000000c0000000, 0x00000000cc900000, 0x00000000eab00000)
  object space 205824K, 60% used [0x00000000c0000000,0x00000000c79f84a0,0x00000000cc900000)
 Metaspace       used 6181K, capacity 7216K, committed 7296K, reserved 1056768K
  class space    used 588K, capacity 616K, committed 640K, reserved 1048576K
}
Event: 23.740 GC heap before
{Heap before GC invocations=20 (full 3):
 PSYoungGen      total 244224K, used 231115K [0x00000000eab00000, 0x0000000100000000, 0x0000000100000000)
  eden space 157696K, 100% used [0x00000000eab00000,0x00000000f4500000,0x00000000f4500000)
  from space 86528K, 84% used [0x00000000fa800000,0x00000000fefb2c78,0x00000000ffc80000)
  to   space 95744K, 0% used [0x00000000f4500000,0x00000000f4500000,0x00000000fa280000)
 ParOldGen       total 205824K, used 124897K [0x00000000c0000000, 0x00000000cc900000, 0x00000000eab00000)
  object space 205824K, 60% used [0x00000000c0000000,0x00000000c79f84a0,0x00000000cc900000)
 Metaspace       used 6182K, capacity 7216K, committed 7296K, reserved 1056768K
  class space    used 588K, capacity 616K, committed 640K, reserved 1048576K
Event: 23.926 GC heap after
Heap after GC invocations=20 (full 3):
 PSYoungGen      total 226304K, used 68208K [0x00000000eab00000, 0x0000000100000000, 0x0000000100000000)
  eden space 157696K, 0% used [0x00000000eab00000,0x00000000eab00000,0x00000000f4500000)
  from space 68608K, 99% used [0x00000000f4500000,0x00000000f879c390,0x00000000f8800000)
  to   space 100864K, 0% used [0x00000000f9d80000,0x00000000f9d80000,0x0000000100000000)
 ParOldGen       total 205824K, used 147101K [0x00000000c0000000, 0x00000000cc900000, 0x00000000eab00000)
  object space 205824K, 71% used [0x00000000c0000000,0x00000000c8fa7700,0x00000000cc900000)
 Metaspace       used 6182K, capacity 7216K, committed 7296K, reserved 1056768K
  class space    used 588K, capacity 616K, committed 640K, reserved 1048576K
}
Event: 24.629 GC heap before
{Heap before GC invocations=21 (full 3):
 PSYoungGen      total 226304K, used 225904K [0x00000000eab00000, 0x0000000100000000, 0x0000000100000000)
  eden space 157696K, 100% used [0x00000000eab00000,0x00000000f4500000,0x00000000f4500000)
  from space 68608K, 99% used [0x00000000f4500000,0x00000000f879c390,0x00000000f8800000)
  to   space 100864K, 0% used [0x00000000f9d80000,0x00000000f9d80000,0x0000000100000000)
 ParOldGen       total 205824K, used 147101K [0x00000000c0000000, 0x00000000cc900000, 0x00000000eab00000)
  object space 205824K, 71% used [0x00000000c0000000,0x00000000c8fa7700,0x00000000cc900000)
 Metaspace       used 6204K, capacity 7280K, committed 7552K, reserved 1056768K
  class space    used 592K, capacity 616K, committed 640K, reserved 1048576K
Event: 24.806 GC heap after
Heap after GC invocations=21 (full 3):
 PSYoungGen      total 252928K, used 46013K [0x00000000eab00000, 0x0000000100000000, 0x0000000100000000)
  eden space 152064K, 0% used [0x00000000eab00000,0x00000000eab00000,0x00000000f3f80000)
  from space 100864K, 45% used [0x00000000f9d80000,0x00000000fca6f598,0x0000000100000000)
  to   space 96256K, 0% used [0x00000000f3f80000,0x00000000f3f80000,0x00000000f9d80000)
 ParOldGen       total 205824K, used 191050K [0x00000000c0000000, 0x00000000cc900000, 0x00000000eab00000)
  object space 205824K, 92% used [0x00000000c0000000,0x00000000cba92a50,0x00000000cc900000)
 Metaspace       used 6204K, capacity 7280K, committed 7552K, reserved 1056768K
  class space    used 592K, capacity 616K, committed 640K, reserved 1048576K
}
Event: 24.806 GC heap before
{Heap before GC invocations=22 (full 4):
 PSYoungGen      total 252928K, used 46013K [0x00000000eab00000, 0x0000000100000000, 0x0000000100000000)
  eden space 152064K, 0% used [0x00000000eab00000,0x00000000eab00000,0x00000000f3f80000)
  from space 100864K, 45% used [0x00000000f9d80000,0x00000000fca6f598,0x0000000100000000)
  to   space 96256K, 0% used [0x00000000f3f80000,0x00000000f3f80000,0x00000000f9d80000)
 ParOldGen       total 205824K, used 191050K [0x00000000c0000000, 0x00000000cc900000, 0x00000000eab00000)
  object space 205824K, 92% used [0x00000000c0000000,0x00000000cba92a50,0x00000000cc900000)
 Metaspace       used 6204K, capacity 7280K, committed 7552K, reserved 1056768K
  class space    used 592K, capacity 616K, committed 640K, reserved 1048576K

