# JRE version: Java(TM) SE Runtime Environment (8.0_91-b14) (build 1.8.0_91-b14)
# Java VM: Java HotSpot(TM) 64-Bit Server VM (25.91-b14 mixed mode linux-amd64 compressed oops)
Heap:
 PSYoungGen      total 215040K, used 0K [0x00000000eab00000, 0x0000000100000000, 0x0000000100000000)
  eden space 160768K, 0% used [0x00000000eab00000,0x00000000eab00000,0x00000000f4800000)
  from space 54272K, 0% used [0x00000000f4800000,0x00000000f4800000,0x00000000f7d00000)
  to   space 95232K, 0% used [0x00000000fa300000,0x00000000fa300000,0x0000000100000000)
 ParOldGen       total 146944K, used 142377K [0x00000000c0000000, 0x00000000c8f80000, 0x00000000eab00000)
  object space 146944K, 96% used [0x00000000c0000000,0x00000000c8b0a708,0x00000000c8f80000)
 Metaspace       used 6163K, capacity 7216K, committed 7296K, reserved 1056768K
  class space    used 588K, capacity 616K, committed 640K, reserved 1048576K
GC Heap History (10 events):
Event: 11.804 GC heap after
Heap after GC invocations=11 (full 2):
 PSYoungGen      total 195584K, used 42182K [0x00000000eab00000, 0x00000000fc800000, 0x0000000100000000)
  eden space 141824K, 0% used [0x00000000eab00000,0x00000000eab00000,0x00000000f3580000)
  from space 53760K, 78% used [0x00000000f3580000,0x00000000f5eb1998,0x00000000f6a00000)
  to   space 58880K, 0% used [0x00000000f8e80000,0x00000000f8e80000,0x00000000fc800000)
 ParOldGen       total 146944K, used 81132K [0x00000000c0000000, 0x00000000c8f80000, 0x00000000eab00000)
  object space 146944K, 55% used [0x00000000c0000000,0x00000000c4f3b130,0x00000000c8f80000)
 Metaspace       used 5922K, capacity 7152K, committed 7296K, reserved 1056768K
  class space    used 569K, capacity 616K, committed 640K, reserved 1048576K
}
Event: 12.804 GC heap before
{Heap before GC invocations=12 (full 2):
 PSYoungGen      total 195584K, used 184006K [0x00000000eab00000, 0x00000000fc800000, 0x0000000100000000)
  eden space 141824K, 100% used [0x00000000eab00000,0x00000000f3580000,0x00000000f3580000)
  from space 53760K, 78% used [0x00000000f3580000,0x00000000f5eb1998,0x00000000f6a00000)
  to   space 58880K, 0% used [0x00000000f8e80000,0x00000000f8e80000,0x00000000fc800000)
 ParOldGen       total 146944K, used 81132K [0x00000000c0000000, 0x00000000c8f80000, 0x00000000eab00000)
  object space 146944K, 55% used [0x00000000c0000000,0x00000000c4f3b130,0x00000000c8f80000)
 Metaspace       used 6050K, capacity 7152K, committed 7296K, reserved 1056768K
  class space    used 588K, capacity 616K, committed 640K, reserved 1048576K
Event: 13.107 GC heap after
Heap after GC invocations=12 (full 2):
 PSYoungGen      total 225792K, used 50573K [0x00000000eab00000, 0x00000000fdc80000, 0x0000000100000000)
  eden space 166912K, 0% used [0x00000000eab00000,0x00000000eab00000,0x00000000f4e00000)
  from space 58880K, 85% used [0x00000000f8e80000,0x00000000fbfe34f0,0x00000000fc800000)
  to   space 66048K, 0% used [0x00000000f4e00000,0x00000000f4e00000,0x00000000f8e80000)
 ParOldGen       total 146944K, used 81140K [0x00000000c0000000, 0x00000000c8f80000, 0x00000000eab00000)
  object space 146944K, 55% used [0x00000000c0000000,0x00000000c4f3d130,0x00000000c8f80000)
 Metaspace       used 6050K, capacity 7152K, committed 7296K, reserved 1056768K
  class space    used 588K, capacity 616K, committed 640K, reserved 1048576K
}
Event: 15.547 GC heap before
{Heap before GC invocations=13 (full 2):
 PSYoungGen      total 225792K, used 217485K [0x00000000eab00000, 0x00000000fdc80000, 0x0000000100000000)
  eden space 166912K, 100% used [0x00000000eab00000,0x00000000f4e00000,0x00000000f4e00000)
  from space 58880K, 85% used [0x00000000f8e80000,0x00000000fbfe34f0,0x00000000fc800000)
  to   space 66048K, 0% used [0x00000000f4e00000,0x00000000f4e00000,0x00000000f8e80000)
 ParOldGen       total 146944K, used 81140K [0x00000000c0000000, 0x00000000c8f80000, 0x00000000eab00000)
  object space 146944K, 55% used [0x00000000c0000000,0x00000000c4f3d130,0x00000000c8f80000)
 Metaspace       used 6123K, capacity 7216K, committed 7296K, reserved 1056768K
  class space    used 588K, capacity 616K, committed 640K, reserved 1048576K
Event: 15.849 GC heap after
Heap after GC invocations=13 (full 2):
 PSYoungGen      total 232960K, used 66036K [0x00000000eab00000, 0x0000000100000000, 0x0000000100000000)
  eden space 166912K, 0% used [0x00000000eab00000,0x00000000eab00000,0x00000000f4e00000)
  from space 66048K, 99% used [0x00000000f4e00000,0x00000000f8e7d3b8,0x00000000f8e80000)
  to   space 77824K, 0% used [0x00000000fb400000,0x00000000fb400000,0x0000000100000000)
 ParOldGen       total 146944K, used 83104K [0x00000000c0000000, 0x00000000c8f80000, 0x00000000eab00000)
  object space 146944K, 56% used [0x00000000c0000000,0x00000000c5128000,0x00000000c8f80000)
 Metaspace       used 6123K, capacity 7216K, committed 7296K, reserved 1056768K
  class space    used 588K, capacity 616K, committed 640K, reserved 1048576K
}
Event: 17.396 GC heap before
{Heap before GC invocations=14 (full 2):
 PSYoungGen      total 232960K, used 232948K [0x00000000eab00000, 0x0000000100000000, 0x0000000100000000)
  eden space 166912K, 100% used [0x00000000eab00000,0x00000000f4e00000,0x00000000f4e00000)
  from space 66048K, 99% used [0x00000000f4e00000,0x00000000f8e7d3b8,0x00000000f8e80000)
  to   space 77824K, 0% used [0x00000000fb400000,0x00000000fb400000,0x0000000100000000)
 ParOldGen       total 146944K, used 83104K [0x00000000c0000000, 0x00000000c8f80000, 0x00000000eab00000)
  object space 146944K, 56% used [0x00000000c0000000,0x00000000c5128000,0x00000000c8f80000)
 Metaspace       used 6134K, capacity 7216K, committed 7296K, reserved 1056768K
  class space    used 588K, capacity 616K, committed 640K, reserved 1048576K
Event: 17.998 GC heap after
Heap after GC invocations=14 (full 2):
 PSYoungGen      total 238592K, used 77815K [0x00000000eab00000, 0x0000000100000000, 0x0000000100000000)
  eden space 160768K, 0% used [0x00000000eab00000,0x00000000eab00000,0x00000000f4800000)
  from space 77824K, 99% used [0x00000000fb400000,0x00000000ffffdd48,0x0000000100000000)
  to   space 94208K, 0% used [0x00000000f4800000,0x00000000f4800000,0x00000000fa400000)
 ParOldGen       total 146944K, used 92475K [0x00000000c0000000, 0x00000000c8f80000, 0x00000000eab00000)
  object space 146944K, 62% used [0x00000000c0000000,0x00000000c5a4eef8,0x00000000c8f80000)
 Metaspace       used 6134K, capacity 7216K, committed 7296K, reserved 1056768K
  class space    used 588K, capacity 616K, committed 640K, reserved 1048576K
}
Event: 19.065 GC heap before
{Heap before GC invocations=15 (full 2):
 PSYoungGen      total 238592K, used 238583K [0x00000000eab00000, 0x0000000100000000, 0x0000000100000000)
  eden space 160768K, 100% used [0x00000000eab00000,0x00000000f4800000,0x00000000f4800000)
  from space 77824K, 99% used [0x00000000fb400000,0x00000000ffffdd48,0x0000000100000000)
  to   space 94208K, 0% used [0x00000000f4800000,0x00000000f4800000,0x00000000fa400000)
 ParOldGen       total 146944K, used 92475K [0x00000000c0000000, 0x00000000c8f80000, 0x00000000eab00000)
  object space 146944K, 62% used [0x00000000c0000000,0x00000000c5a4eef8,0x00000000c8f80000)
 Metaspace       used 6163K, capacity 7216K, committed 7296K, reserved 1056768K
  class space    used 588K, capacity 616K, committed 640K, reserved 1048576K
Event: 19.798 GC heap after
Heap after GC invocations=15 (full 2):
 PSYoungGen      total 215040K, used 53769K [0x00000000eab00000, 0x0000000100000000, 0x0000000100000000)
  eden space 160768K, 0% used [0x00000000eab00000,0x00000000eab00000,0x00000000f4800000)
  from space 54272K, 99% used [0x00000000f4800000,0x00000000f7c82490,0x00000000f7d00000)
  to   space 95232K, 0% used [0x00000000fa300000,0x00000000fa300000,0x0000000100000000)
 ParOldGen       total 146944K, used 137855K [0x00000000c0000000, 0x00000000c8f80000, 0x00000000eab00000)
  object space 146944K, 93% used [0x00000000c0000000,0x00000000c869fde8,0x00000000c8f80000)
 Metaspace       used 6163K, capacity 7216K, committed 7296K, reserved 1056768K
  class space    used 588K, capacity 616K, committed 640K, reserved 1048576K
}
Event: 19.798 GC heap before
{Heap before GC invocations=16 (full 3):
 PSYoungGen      total 215040K, used 53769K [0x00000000eab00000, 0x0000000100000000, 0x0000000100000000)
  eden space 160768K, 0% used [0x00000000eab00000,0x00000000eab00000,0x00000000f4800000)
  from space 54272K, 99% used [0x00000000f4800000,0x00000000f7c82490,0x00000000f7d00000)
  to   space 95232K, 0% used [0x00000000fa300000,0x00000000fa300000,0x0000000100000000)
 ParOldGen       total 146944K, used 137855K [0x00000000c0000000, 0x00000000c8f80000, 0x00000000eab00000)
  object space 146944K, 93% used [0x00000000c0000000,0x00000000c869fde8,0x00000000c8f80000)
 Metaspace       used 6163K, capacity 7216K, committed 7296K, reserved 1056768K
  class space    used 588K, capacity 616K, committed 640K, reserved 1048576K

