# JRE version: Java(TM) SE Runtime Environment (8.0_91-b14) (build 1.8.0_91-b14)
# Java VM: Java HotSpot(TM) 64-Bit Server VM (25.91-b14 mixed mode linux-amd64 compressed oops)
Heap:
 PSYoungGen      total 247808K, used 17885K [0x00000000eab00000, 0x00000000fda80000, 0x0000000100000000)
  eden space 212480K, 0% used [0x00000000eab00000,0x00000000eab00000,0x00000000f7a80000)
  from space 35328K, 50% used [0x00000000f8c00000,0x00000000f9d774f8,0x00000000fae80000)
  to   space 45056K, 0% used [0x00000000fae80000,0x00000000fae80000,0x00000000fda80000)
 ParOldGen       total 83456K, used 83419K [0x00000000c0000000, 0x00000000c5180000, 0x00000000eab00000)
  object space 83456K, 99% used [0x00000000c0000000,0x00000000c5176de0,0x00000000c5180000)
 Metaspace       used 6361K, capacity 7220K, committed 7296K, reserved 1056768K
  class space    used 607K, capacity 620K, committed 640K, reserved 1048576K
GC Heap History (10 events):
Event: 4.942 GC heap after
Heap after GC invocations=6 (full 0):
 PSYoungGen      total 135168K, used 12280K [0x00000000eab00000, 0x00000000f4700000, 0x0000000100000000)
  eden space 122880K, 0% used [0x00000000eab00000,0x00000000eab00000,0x00000000f2300000)
  from space 12288K, 99% used [0x00000000f3300000,0x00000000f3efe350,0x00000000f3f00000)
  to   space 16384K, 0% used [0x00000000f2300000,0x00000000f2300000,0x00000000f3300000)
 ParOldGen       total 42496K, used 27210K [0x00000000c0000000, 0x00000000c2980000, 0x00000000eab00000)
  object space 42496K, 64% used [0x00000000c0000000,0x00000000c1a92818,0x00000000c2980000)
 Metaspace       used 5975K, capacity 6964K, committed 7040K, reserved 1056768K
  class space    used 606K, capacity 620K, committed 640K, reserved 1048576K
}
Event: 6.684 GC heap before
{Heap before GC invocations=7 (full 0):
 PSYoungGen      total 135168K, used 135160K [0x00000000eab00000, 0x00000000f4700000, 0x0000000100000000)
  eden space 122880K, 100% used [0x00000000eab00000,0x00000000f2300000,0x00000000f2300000)
  from space 12288K, 99% used [0x00000000f3300000,0x00000000f3efe350,0x00000000f3f00000)
  to   space 16384K, 0% used [0x00000000f2300000,0x00000000f2300000,0x00000000f3300000)
 ParOldGen       total 42496K, used 27210K [0x00000000c0000000, 0x00000000c2980000, 0x00000000eab00000)
  object space 42496K, 64% used [0x00000000c0000000,0x00000000c1a92818,0x00000000c2980000)
 Metaspace       used 6194K, capacity 7156K, committed 7296K, reserved 1056768K
  class space    used 607K, capacity 620K, committed 640K, reserved 1048576K
Event: 6.997 GC heap after
Heap after GC invocations=7 (full 0):
 PSYoungGen      total 139264K, used 16375K [0x00000000eab00000, 0x00000000fd100000, 0x0000000100000000)
  eden space 122880K, 0% used [0x00000000eab00000,0x00000000eab00000,0x00000000f2300000)
  from space 16384K, 99% used [0x00000000f2300000,0x00000000f32fdf70,0x00000000f3300000)
  to   space 27648K, 0% used [0x00000000fb600000,0x00000000fb600000,0x00000000fd100000)
 ParOldGen       total 43520K, used 43355K [0x00000000c0000000, 0x00000000c2a80000, 0x00000000eab00000)
  object space 43520K, 99% used [0x00000000c0000000,0x00000000c2a56f70,0x00000000c2a80000)
 Metaspace       used 6194K, capacity 7156K, committed 7296K, reserved 1056768K
  class space    used 607K, capacity 620K, committed 640K, reserved 1048576K
}
Event: 6.998 GC heap before
{Heap before GC invocations=8 (full 1):
 PSYoungGen      total 139264K, used 16375K [0x00000000eab00000, 0x00000000fd100000, 0x0000000100000000)
  eden space 122880K, 0% used [0x00000000eab00000,0x00000000eab00000,0x00000000f2300000)
  from space 16384K, 99% used [0x00000000f2300000,0x00000000f32fdf70,0x00000000f3300000)
  to   space 27648K, 0% used [0x00000000fb600000,0x00000000fb600000,0x00000000fd100000)
 ParOldGen       total 43520K, used 43355K [0x00000000c0000000, 0x00000000c2a80000, 0x00000000eab00000)
  object space 43520K, 99% used [0x00000000c0000000,0x00000000c2a56f70,0x00000000c2a80000)
 Metaspace       used 6194K, capacity 7156K, committed 7296K, reserved 1056768K
  class space    used 607K, capacity 620K, committed 640K, reserved 1048576K
Event: 8.361 GC heap after
Heap after GC invocations=8 (full 1):
 PSYoungGen      total 139264K, used 12717K [0x00000000eab00000, 0x00000000fd100000, 0x0000000100000000)
  eden space 122880K, 0% used [0x00000000eab00000,0x00000000eab00000,0x00000000f2300000)
  from space 16384K, 77% used [0x00000000f2300000,0x00000000f2f6b460,0x00000000f3300000)
  to   space 27648K, 0% used [0x00000000fb600000,0x00000000fb600000,0x00000000fd100000)
 ParOldGen       total 83456K, used 43248K [0x00000000c0000000, 0x00000000c5180000, 0x00000000eab00000)
  object space 83456K, 51% used [0x00000000c0000000,0x00000000c2a3c3c0,0x00000000c5180000)
 Metaspace       used 6194K, capacity 7156K, committed 7296K, reserved 1056768K
  class space    used 607K, capacity 620K, committed 640K, reserved 1048576K
}
Event: 9.911 GC heap before
{Heap before GC invocations=9 (full 1):
 PSYoungGen      total 139264K, used 135597K [0x00000000eab00000, 0x00000000fd100000, 0x0000000100000000)
  eden space 122880K, 100% used [0x00000000eab00000,0x00000000f2300000,0x00000000f2300000)
  from space 16384K, 77% used [0x00000000f2300000,0x00000000f2f6b460,0x00000000f3300000)
  to   space 27648K, 0% used [0x00000000fb600000,0x00000000fb600000,0x00000000fd100000)
 ParOldGen       total 83456K, used 43248K [0x00000000c0000000, 0x00000000c5180000, 0x00000000eab00000)
  object space 83456K, 51% used [0x00000000c0000000,0x00000000c2a3c3c0,0x00000000c5180000)
 Metaspace       used 6331K, capacity 7220K, committed 7296K, reserved 1056768K
  class space    used 607K, capacity 620K, committed 640K, reserved 1048576K
Event: 10.152 GC heap after
Heap after GC invocations=9 (full 1):
 PSYoungGen      total 198144K, used 27619K [0x00000000eab00000, 0x00000000fd100000, 0x0000000100000000)
  eden space 170496K, 0% used [0x00000000eab00000,0x00000000eab00000,0x00000000f5180000)
  from space 27648K, 99% used [0x00000000fb600000,0x00000000fd0f8c78,0x00000000fd100000)
  to   space 35328K, 0% used [0x00000000f8c00000,0x00000000f8c00000,0x00000000fae80000)
 ParOldGen       total 83456K, used 49592K [0x00000000c0000000, 0x00000000c5180000, 0x00000000eab00000)
  object space 83456K, 59% used [0x00000000c0000000,0x00000000c306e150,0x00000000c5180000)
 Metaspace       used 6331K, capacity 7220K, committed 7296K, reserved 1056768K
  class space    used 607K, capacity 620K, committed 640K, reserved 1048576K
}
Event: 11.950 GC heap before
{Heap before GC invocations=10 (full 1):
 PSYoungGen      total 198144K, used 198115K [0x00000000eab00000, 0x00000000fd100000, 0x0000000100000000)
  eden space 170496K, 100% used [0x00000000eab00000,0x00000000f5180000,0x00000000f5180000)
  from space 27648K, 99% used [0x00000000fb600000,0x00000000fd0f8c78,0x00000000fd100000)
  to   space 35328K, 0% used [0x00000000f8c00000,0x00000000f8c00000,0x00000000fae80000)
 ParOldGen       total 83456K, used 49592K [0x00000000c0000000, 0x00000000c5180000, 0x00000000eab00000)
  object space 83456K, 59% used [0x00000000c0000000,0x00000000c306e150,0x00000000c5180000)
 Metaspace       used 6361K, capacity 7220K, committed 7296K, reserved 1056768K
  class space    used 607K, capacity 620K, committed 640K, reserved 1048576K
Event: 12.244 GC heap after
Heap after GC invocations=10 (full 1):
 PSYoungGen      total 247808K, used 35318K [0x00000000eab00000, 0x00000000fda80000, 0x0000000100000000)
  eden space 212480K, 0% used [0x00000000eab00000,0x00000000eab00000,0x00000000f7a80000)
  from space 35328K, 99% used [0x00000000f8c00000,0x00000000fae7db80,0x00000000fae80000)
  to   space 45056K, 0% used [0x00000000fae80000,0x00000000fae80000,0x00000000fda80000)
 ParOldGen       total 83456K, used 69241K [0x00000000c0000000, 0x00000000c5180000, 0x00000000eab00000)
  object space 83456K, 82% used [0x00000000c0000000,0x00000000c439e680,0x00000000c5180000)
 Metaspace       used 6361K, capacity 7220K, committed 7296K, reserved 1056768K
  class space    used 607K, capacity 620K, committed 640K, reserved 1048576K
}
Event: 12.244 GC heap before
{Heap before GC invocations=11 (full 2):
 PSYoungGen      total 247808K, used 35318K [0x00000000eab00000, 0x00000000fda80000, 0x0000000100000000)
  eden space 212480K, 0% used [0x00000000eab00000,0x00000000eab00000,0x00000000f7a80000)
  from space 35328K, 99% used [0x00000000f8c00000,0x00000000fae7db80,0x00000000fae80000)
  to   space 45056K, 0% used [0x00000000fae80000,0x00000000fae80000,0x00000000fda80000)
 ParOldGen       total 83456K, used 69241K [0x00000000c0000000, 0x00000000c5180000, 0x00000000eab00000)
  object space 83456K, 82% used [0x00000000c0000000,0x00000000c439e680,0x00000000c5180000)
 Metaspace       used 6361K, capacity 7220K, committed 7296K, reserved 1056768K
  class space    used 607K, capacity 620K, committed 640K, reserved 1048576K

