# JRE version: Java(TM) SE Runtime Environment (8.0_91-b14) (build 1.8.0_91-b14)
# Java VM: Java HotSpot(TM) 64-Bit Server VM (25.91-b14 mixed mode linux-amd64 compressed oops)
Heap:
 PSYoungGen      total 214528K, used 20388K [0x00000000eab00000, 0x0000000100000000, 0x0000000100000000)
  eden space 154624K, 0% used [0x00000000eab00000,0x00000000eab00000,0x00000000f4200000)
  from space 59904K, 34% used [0x00000000f4200000,0x00000000f55e92a0,0x00000000f7c80000)
  to   space 99328K, 0% used [0x00000000f9f00000,0x00000000f9f00000,0x0000000100000000)
 ParOldGen       total 179712K, used 179700K [0x00000000c0000000, 0x00000000caf80000, 0x00000000eab00000)
  object space 179712K, 99% used [0x00000000c0000000,0x00000000caf7d020,0x00000000caf80000)
 Metaspace       used 6184K, capacity 7216K, committed 7296K, reserved 1056768K
  class space    used 589K, capacity 616K, committed 640K, reserved 1048576K
GC Heap History (10 events):
Event: 6.260 GC heap after
Heap after GC invocations=14 (full 3):
 PSYoungGen      total 237056K, used 30469K [0x00000000eab00000, 0x00000000fec80000, 0x0000000100000000)
  eden space 173056K, 0% used [0x00000000eab00000,0x00000000eab00000,0x00000000f5400000)
  from space 64000K, 47% used [0x00000000f5400000,0x00000000f71c15b8,0x00000000f9280000)
  to   space 62464K, 0% used [0x00000000faf80000,0x00000000faf80000,0x00000000fec80000)
 ParOldGen       total 179712K, used 87209K [0x00000000c0000000, 0x00000000caf80000, 0x00000000eab00000)
  object space 179712K, 48% used [0x00000000c0000000,0x00000000c552a5f0,0x00000000caf80000)
 Metaspace       used 6087K, capacity 7152K, committed 7296K, reserved 1056768K
  class space    used 588K, capacity 616K, committed 640K, reserved 1048576K
}
Event: 6.863 GC heap before
{Heap before GC invocations=15 (full 3):
 PSYoungGen      total 237056K, used 203525K [0x00000000eab00000, 0x00000000fec80000, 0x0000000100000000)
  eden space 173056K, 100% used [0x00000000eab00000,0x00000000f5400000,0x00000000f5400000)
  from space 64000K, 47% used [0x00000000f5400000,0x00000000f71c15b8,0x00000000f9280000)
  to   space 62464K, 0% used [0x00000000faf80000,0x00000000faf80000,0x00000000fec80000)
 ParOldGen       total 179712K, used 87209K [0x00000000c0000000, 0x00000000caf80000, 0x00000000eab00000)
  object space 179712K, 48% used [0x00000000c0000000,0x00000000c552a5f0,0x00000000caf80000)
 Metaspace       used 6132K, capacity 7216K, committed 7296K, reserved 1056768K
  class space    used 588K, capacity 616K, committed 640K, reserved 1048576K
Event: 6.953 GC heap after
Heap after GC invocations=15 (full 3):
 PSYoungGen      total 263680K, used 44233K [0x00000000eab00000, 0x00000000ff500000, 0x0000000100000000)
  eden space 201216K, 0% used [0x00000000eab00000,0x00000000eab00000,0x00000000f6f80000)
  from space 62464K, 70% used [0x00000000faf80000,0x00000000fdab2698,0x00000000fec80000)
  to   space 65536K, 0% used [0x00000000f6f80000,0x00000000f6f80000,0x00000000faf80000)
 ParOldGen       total 179712K, used 87217K [0x00000000c0000000, 0x00000000caf80000, 0x00000000eab00000)
  object space 179712K, 48% used [0x00000000c0000000,0x00000000c552c5f0,0x00000000caf80000)
 Metaspace       used 6132K, capacity 7216K, committed 7296K, reserved 1056768K
  class space    used 588K, capacity 616K, committed 640K, reserved 1048576K
}
Event: 7.754 GC heap before
{Heap before GC invocations=16 (full 3):
 PSYoungGen      total 263680K, used 245449K [0x00000000eab00000, 0x00000000ff500000, 0x0000000100000000)
  eden space 201216K, 100% used [0x00000000eab00000,0x00000000f6f80000,0x00000000f6f80000)
  from space 62464K, 70% used [0x00000000faf80000,0x00000000fdab2698,0x00000000fec80000)
  to   space 65536K, 0% used [0x00000000f6f80000,0x00000000f6f80000,0x00000000faf80000)
 ParOldGen       total 179712K, used 87217K [0x00000000c0000000, 0x00000000caf80000, 0x00000000eab00000)
  object space 179712K, 48% used [0x00000000c0000000,0x00000000c552c5f0,0x00000000caf80000)
 Metaspace       used 6156K, capacity 7216K, committed 7296K, reserved 1056768K
  class space    used 588K, capacity 616K, committed 640K, reserved 1048576K
Event: 7.822 GC heap after
Heap after GC invocations=16 (full 3):
 PSYoungGen      total 266752K, used 65506K [0x00000000eab00000, 0x0000000100000000, 0x0000000100000000)
  eden space 201216K, 0% used [0x00000000eab00000,0x00000000eab00000,0x00000000f6f80000)
  from space 65536K, 99% used [0x00000000f6f80000,0x00000000faf78b98,0x00000000faf80000)
  to   space 78336K, 0% used [0x00000000fb380000,0x00000000fb380000,0x0000000100000000)
 ParOldGen       total 179712K, used 92593K [0x00000000c0000000, 0x00000000caf80000, 0x00000000eab00000)
  object space 179712K, 51% used [0x00000000c0000000,0x00000000c5a6c600,0x00000000caf80000)
 Metaspace       used 6156K, capacity 7216K, committed 7296K, reserved 1056768K
  class space    used 588K, capacity 616K, committed 640K, reserved 1048576K
}
Event: 8.846 GC heap before
{Heap before GC invocations=17 (full 3):
 PSYoungGen      total 266752K, used 266722K [0x00000000eab00000, 0x0000000100000000, 0x0000000100000000)
  eden space 201216K, 100% used [0x00000000eab00000,0x00000000f6f80000,0x00000000f6f80000)
  from space 65536K, 99% used [0x00000000f6f80000,0x00000000faf78b98,0x00000000faf80000)
  to   space 78336K, 0% used [0x00000000fb380000,0x00000000fb380000,0x0000000100000000)
 ParOldGen       total 179712K, used 92593K [0x00000000c0000000, 0x00000000caf80000, 0x00000000eab00000)
  object space 179712K, 51% used [0x00000000c0000000,0x00000000c5a6c600,0x00000000caf80000)
 Metaspace       used 6173K, capacity 7216K, committed 7296K, reserved 1056768K
  class space    used 588K, capacity 616K, committed 640K, reserved 1048576K
Event: 8.972 GC heap after
Heap after GC invocations=17 (full 3):
 PSYoungGen      total 232960K, used 78326K [0x00000000eab00000, 0x0000000100000000, 0x0000000100000000)
  eden space 154624K, 0% used [0x00000000eab00000,0x00000000eab00000,0x00000000f4200000)
  from space 78336K, 99% used [0x00000000fb380000,0x00000000ffffda88,0x0000000100000000)
  to   space 97280K, 0% used [0x00000000f4200000,0x00000000f4200000,0x00000000fa100000)
 ParOldGen       total 179712K, used 109544K [0x00000000c0000000, 0x00000000caf80000, 0x00000000eab00000)
  object space 179712K, 60% used [0x00000000c0000000,0x00000000c6afa110,0x00000000caf80000)
 Metaspace       used 6173K, capacity 7216K, committed 7296K, reserved 1056768K
  class space    used 588K, capacity 616K, committed 640K, reserved 1048576K
}
Event: 13.894 GC heap before
{Heap before GC invocations=18 (full 3):
 PSYoungGen      total 232960K, used 232950K [0x00000000eab00000, 0x0000000100000000, 0x0000000100000000)
  eden space 154624K, 100% used [0x00000000eab00000,0x00000000f4200000,0x00000000f4200000)
  from space 78336K, 99% used [0x00000000fb380000,0x00000000ffffda88,0x0000000100000000)
  to   space 97280K, 0% used [0x00000000f4200000,0x00000000f4200000,0x00000000fa100000)
 ParOldGen       total 179712K, used 109544K [0x00000000c0000000, 0x00000000caf80000, 0x00000000eab00000)
  object space 179712K, 60% used [0x00000000c0000000,0x00000000c6afa110,0x00000000caf80000)
 Metaspace       used 6184K, capacity 7216K, committed 7296K, reserved 1056768K
  class space    used 589K, capacity 616K, committed 640K, reserved 1048576K
Event: 14.002 GC heap after
Heap after GC invocations=18 (full 3):
 PSYoungGen      total 214528K, used 59445K [0x00000000eab00000, 0x0000000100000000, 0x0000000100000000)
  eden space 154624K, 0% used [0x00000000eab00000,0x00000000eab00000,0x00000000f4200000)
  from space 59904K, 99% used [0x00000000f4200000,0x00000000f7c0d6b8,0x00000000f7c80000)
  to   space 99328K, 0% used [0x00000000f9f00000,0x00000000f9f00000,0x0000000100000000)
 ParOldGen       total 179712K, used 145369K [0x00000000c0000000, 0x00000000caf80000, 0x00000000eab00000)
  object space 179712K, 80% used [0x00000000c0000000,0x00000000c8df64d0,0x00000000caf80000)
 Metaspace       used 6184K, capacity 7216K, committed 7296K, reserved 1056768K
  class space    used 589K, capacity 616K, committed 640K, reserved 1048576K
}
Event: 14.002 GC heap before
{Heap before GC invocations=19 (full 4):
 PSYoungGen      total 214528K, used 59445K [0x00000000eab00000, 0x0000000100000000, 0x0000000100000000)
  eden space 154624K, 0% used [0x00000000eab00000,0x00000000eab00000,0x00000000f4200000)
  from space 59904K, 99% used [0x00000000f4200000,0x00000000f7c0d6b8,0x00000000f7c80000)
  to   space 99328K, 0% used [0x00000000f9f00000,0x00000000f9f00000,0x0000000100000000)
 ParOldGen       total 179712K, used 145369K [0x00000000c0000000, 0x00000000caf80000, 0x00000000eab00000)
  object space 179712K, 80% used [0x00000000c0000000,0x00000000c8df64d0,0x00000000caf80000)
 Metaspace       used 6184K, capacity 7216K, committed 7296K, reserved 1056768K
  class space    used 589K, capacity 616K, committed 640K, reserved 1048576K

