# JRE version: Java(TM) SE Runtime Environment (8.0_91-b14) (build 1.8.0_91-b14)
# Java VM: Java HotSpot(TM) 64-Bit Server VM (25.91-b14 mixed mode linux-amd64 compressed oops)
Heap:
 PSYoungGen      total 243200K, used 5296K [0x00000000eab00000, 0x0000000100000000, 0x0000000100000000)
  eden space 177152K, 0% used [0x00000000eab00000,0x00000000eab00000,0x00000000f5800000)
  from space 66048K, 8% used [0x00000000f5800000,0x00000000f5d2c088,0x00000000f9880000)
  to   space 93184K, 0% used [0x00000000fa500000,0x00000000fa500000,0x0000000100000000)
 ParOldGen       total 143360K, used 143120K [0x00000000c0000000, 0x00000000c8c00000, 0x00000000eab00000)
  object space 143360K, 99% used [0x00000000c0000000,0x00000000c8bc4148,0x00000000c8c00000)
 Metaspace       used 6161K, capacity 7216K, committed 7296K, reserved 1056768K
  class space    used 588K, capacity 616K, committed 640K, reserved 1048576K
GC Heap History (10 events):
Event: 11.341 GC heap after
Heap after GC invocations=11 (full 2):
 PSYoungGen      total 196096K, used 47909K [0x00000000eab00000, 0x00000000fd100000, 0x0000000100000000)
  eden space 143872K, 0% used [0x00000000eab00000,0x00000000eab00000,0x00000000f3780000)
  from space 52224K, 91% used [0x00000000f3780000,0x00000000f6649660,0x00000000f6a80000)
  to   space 60416K, 0% used [0x00000000f9600000,0x00000000f9600000,0x00000000fd100000)
 ParOldGen       total 143360K, used 77755K [0x00000000c0000000, 0x00000000c8c00000, 0x00000000eab00000)
  object space 143360K, 54% used [0x00000000c0000000,0x00000000c4beec80,0x00000000c8c00000)
 Metaspace       used 5916K, capacity 7152K, committed 7296K, reserved 1056768K
  class space    used 569K, capacity 616K, committed 640K, reserved 1048576K
}
Event: 12.413 GC heap before
{Heap before GC invocations=12 (full 2):
 PSYoungGen      total 196096K, used 191781K [0x00000000eab00000, 0x00000000fd100000, 0x0000000100000000)
  eden space 143872K, 100% used [0x00000000eab00000,0x00000000f3780000,0x00000000f3780000)
  from space 52224K, 91% used [0x00000000f3780000,0x00000000f6649660,0x00000000f6a80000)
  to   space 60416K, 0% used [0x00000000f9600000,0x00000000f9600000,0x00000000fd100000)
 ParOldGen       total 143360K, used 77755K [0x00000000c0000000, 0x00000000c8c00000, 0x00000000eab00000)
  object space 143360K, 54% used [0x00000000c0000000,0x00000000c4beec80,0x00000000c8c00000)
 Metaspace       used 6052K, capacity 7152K, committed 7296K, reserved 1056768K
  class space    used 588K, capacity 616K, committed 640K, reserved 1048576K
Event: 12.601 GC heap after
Heap after GC invocations=12 (full 2):
 PSYoungGen      total 239616K, used 36470K [0x00000000eab00000, 0x00000000fd500000, 0x0000000100000000)
  eden space 179200K, 0% used [0x00000000eab00000,0x00000000eab00000,0x00000000f5a00000)
  from space 60416K, 60% used [0x00000000f9600000,0x00000000fb99da28,0x00000000fd100000)
  to   space 61440K, 0% used [0x00000000f5a00000,0x00000000f5a00000,0x00000000f9600000)
 ParOldGen       total 143360K, used 77763K [0x00000000c0000000, 0x00000000c8c00000, 0x00000000eab00000)
  object space 143360K, 54% used [0x00000000c0000000,0x00000000c4bf0c80,0x00000000c8c00000)
 Metaspace       used 6052K, capacity 7152K, committed 7296K, reserved 1056768K
  class space    used 588K, capacity 616K, committed 640K, reserved 1048576K
}
Event: 13.988 GC heap before
{Heap before GC invocations=13 (full 2):
 PSYoungGen      total 239616K, used 215670K [0x00000000eab00000, 0x00000000fd500000, 0x0000000100000000)
  eden space 179200K, 100% used [0x00000000eab00000,0x00000000f5a00000,0x00000000f5a00000)
  from space 60416K, 60% used [0x00000000f9600000,0x00000000fb99da28,0x00000000fd100000)
  to   space 61440K, 0% used [0x00000000f5a00000,0x00000000f5a00000,0x00000000f9600000)
 ParOldGen       total 143360K, used 77763K [0x00000000c0000000, 0x00000000c8c00000, 0x00000000eab00000)
  object space 143360K, 54% used [0x00000000c0000000,0x00000000c4bf0c80,0x00000000c8c00000)
 Metaspace       used 6098K, capacity 7152K, committed 7296K, reserved 1056768K
  class space    used 588K, capacity 616K, committed 640K, reserved 1048576K
Event: 14.435 GC heap after
Heap after GC invocations=13 (full 2):
 PSYoungGen      total 240640K, used 61414K [0x00000000eab00000, 0x0000000100000000, 0x0000000100000000)
  eden space 179200K, 0% used [0x00000000eab00000,0x00000000eab00000,0x00000000f5a00000)
  from space 61440K, 99% used [0x00000000f5a00000,0x00000000f95f9910,0x00000000f9600000)
  to   space 73728K, 0% used [0x00000000fb800000,0x00000000fb800000,0x0000000100000000)
 ParOldGen       total 143360K, used 83966K [0x00000000c0000000, 0x00000000c8c00000, 0x00000000eab00000)
  object space 143360K, 58% used [0x00000000c0000000,0x00000000c51ff870,0x00000000c8c00000)
 Metaspace       used 6098K, capacity 7152K, committed 7296K, reserved 1056768K
  class space    used 588K, capacity 616K, committed 640K, reserved 1048576K
}
Event: 16.047 GC heap before
{Heap before GC invocations=14 (full 2):
 PSYoungGen      total 240640K, used 240614K [0x00000000eab00000, 0x0000000100000000, 0x0000000100000000)
  eden space 179200K, 100% used [0x00000000eab00000,0x00000000f5a00000,0x00000000f5a00000)
  from space 61440K, 99% used [0x00000000f5a00000,0x00000000f95f9910,0x00000000f9600000)
  to   space 73728K, 0% used [0x00000000fb800000,0x00000000fb800000,0x0000000100000000)
 ParOldGen       total 143360K, used 83966K [0x00000000c0000000, 0x00000000c8c00000, 0x00000000eab00000)
  object space 143360K, 58% used [0x00000000c0000000,0x00000000c51ff870,0x00000000c8c00000)
 Metaspace       used 6121K, capacity 7216K, committed 7296K, reserved 1056768K
  class space    used 588K, capacity 616K, committed 640K, reserved 1048576K
Event: 16.513 GC heap after
Heap after GC invocations=14 (full 2):
 PSYoungGen      total 250880K, used 73603K [0x00000000eab00000, 0x0000000100000000, 0x0000000100000000)
  eden space 177152K, 0% used [0x00000000eab00000,0x00000000eab00000,0x00000000f5800000)
  from space 73728K, 99% used [0x00000000fb800000,0x00000000fffe0e40,0x0000000100000000)
  to   space 86016K, 0% used [0x00000000f5800000,0x00000000f5800000,0x00000000fac00000)
 ParOldGen       total 143360K, used 83966K [0x00000000c0000000, 0x00000000c8c00000, 0x00000000eab00000)
  object space 143360K, 58% used [0x00000000c0000000,0x00000000c51ff870,0x00000000c8c00000)
 Metaspace       used 6121K, capacity 7216K, committed 7296K, reserved 1056768K
  class space    used 588K, capacity 616K, committed 640K, reserved 1048576K
}
Event: 18.024 GC heap before
{Heap before GC invocations=15 (full 2):
 PSYoungGen      total 250880K, used 250755K [0x00000000eab00000, 0x0000000100000000, 0x0000000100000000)
  eden space 177152K, 100% used [0x00000000eab00000,0x00000000f5800000,0x00000000f5800000)
  from space 73728K, 99% used [0x00000000fb800000,0x00000000fffe0e40,0x0000000100000000)
  to   space 86016K, 0% used [0x00000000f5800000,0x00000000f5800000,0x00000000fac00000)
 ParOldGen       total 143360K, used 83966K [0x00000000c0000000, 0x00000000c8c00000, 0x00000000eab00000)
  object space 143360K, 58% used [0x00000000c0000000,0x00000000c51ff870,0x00000000c8c00000)
 Metaspace       used 6161K, capacity 7216K, committed 7296K, reserved 1056768K
  class space    used 588K, capacity 616K, committed 640K, reserved 1048576K
Event: 18.422 GC heap after
Heap after GC invocations=15 (full 2):
 PSYoungGen      total 243200K, used 65841K [0x00000000eab00000, 0x0000000100000000, 0x0000000100000000)
  eden space 177152K, 0% used [0x00000000eab00000,0x00000000eab00000,0x00000000f5800000)
  from space 66048K, 99% used [0x00000000f5800000,0x00000000f984c6f0,0x00000000f9880000)
  to   space 93184K, 0% used [0x00000000fa500000,0x00000000fa500000,0x0000000100000000)
 ParOldGen       total 143360K, used 115505K [0x00000000c0000000, 0x00000000c8c00000, 0x00000000eab00000)
  object space 143360K, 80% used [0x00000000c0000000,0x00000000c70cc628,0x00000000c8c00000)
 Metaspace       used 6161K, capacity 7216K, committed 7296K, reserved 1056768K
  class space    used 588K, capacity 616K, committed 640K, reserved 1048576K
}
Event: 18.422 GC heap before
{Heap before GC invocations=16 (full 3):
 PSYoungGen      total 243200K, used 65841K [0x00000000eab00000, 0x0000000100000000, 0x0000000100000000)
  eden space 177152K, 0% used [0x00000000eab00000,0x00000000eab00000,0x00000000f5800000)
  from space 66048K, 99% used [0x00000000f5800000,0x00000000f984c6f0,0x00000000f9880000)
  to   space 93184K, 0% used [0x00000000fa500000,0x00000000fa500000,0x0000000100000000)
 ParOldGen       total 143360K, used 115505K [0x00000000c0000000, 0x00000000c8c00000, 0x00000000eab00000)
  object space 143360K, 80% used [0x00000000c0000000,0x00000000c70cc628,0x00000000c8c00000)
 Metaspace       used 6161K, capacity 7216K, committed 7296K, reserved 1056768K
  class space    used 588K, capacity 616K, committed 640K, reserved 1048576K

