# JRE version: Java(TM) SE Runtime Environment (8.0_91-b14) (build 1.8.0_91-b14)
# Java VM: Java HotSpot(TM) 64-Bit Server VM (25.91-b14 mixed mode linux-amd64 compressed oops)
Heap:
 PSYoungGen      total 232960K, used 56063K [0x00000000eab00000, 0x0000000100000000, 0x0000000100000000)
  eden space 116736K, 0% used [0x00000000eab00000,0x00000000eab00000,0x00000000f1d00000)
  from space 116224K, 48% used [0x00000000f8e80000,0x00000000fc53ff20,0x0000000100000000)
  to   space 116224K, 0% used [0x00000000f1d00000,0x00000000f1d00000,0x00000000f8e80000)
 ParOldGen       total 178688K, used 178449K [0x00000000c0000000, 0x00000000cae80000, 0x00000000eab00000)
  object space 178688K, 99% used [0x00000000c0000000,0x00000000cae444d8,0x00000000cae80000)
 Metaspace       used 6187K, capacity 7216K, committed 7296K, reserved 1056768K
  class space    used 588K, capacity 616K, committed 640K, reserved 1048576K
GC Heap History (10 events):
Event: 7.524 GC heap after
Heap after GC invocations=14 (full 2):
 PSYoungGen      total 265216K, used 54371K [0x00000000eab00000, 0x0000000100000000, 0x0000000100000000)
  eden space 190464K, 0% used [0x00000000eab00000,0x00000000eab00000,0x00000000f6500000)
  from space 74752K, 72% used [0x00000000fb700000,0x00000000fec18e08,0x0000000100000000)
  to   space 79360K, 0% used [0x00000000f6500000,0x00000000f6500000,0x00000000fb280000)
 ParOldGen       total 178688K, used 106279K [0x00000000c0000000, 0x00000000cae80000, 0x00000000eab00000)
  object space 178688K, 59% used [0x00000000c0000000,0x00000000c67c9ec0,0x00000000cae80000)
 Metaspace       used 6160K, capacity 7216K, committed 7296K, reserved 1056768K
  class space    used 588K, capacity 616K, committed 640K, reserved 1048576K
}
Event: 8.369 GC heap before
{Heap before GC invocations=15 (full 2):
 PSYoungGen      total 265216K, used 244835K [0x00000000eab00000, 0x0000000100000000, 0x0000000100000000)
  eden space 190464K, 100% used [0x00000000eab00000,0x00000000f6500000,0x00000000f6500000)
  from space 74752K, 72% used [0x00000000fb700000,0x00000000fec18e08,0x0000000100000000)
  to   space 79360K, 0% used [0x00000000f6500000,0x00000000f6500000,0x00000000fb280000)
 ParOldGen       total 178688K, used 106279K [0x00000000c0000000, 0x00000000cae80000, 0x00000000eab00000)
  object space 178688K, 59% used [0x00000000c0000000,0x00000000c67c9ec0,0x00000000cae80000)
 Metaspace       used 6174K, capacity 7216K, committed 7296K, reserved 1056768K
  class space    used 588K, capacity 616K, committed 640K, reserved 1048576K
Event: 8.522 GC heap after
Heap after GC invocations=15 (full 2):
 PSYoungGen      total 269824K, used 79330K [0x00000000eab00000, 0x0000000100000000, 0x0000000100000000)
  eden space 190464K, 0% used [0x00000000eab00000,0x00000000eab00000,0x00000000f6500000)
  from space 79360K, 99% used [0x00000000f6500000,0x00000000fb278960,0x00000000fb280000)
  to   space 79360K, 0% used [0x00000000fb280000,0x00000000fb280000,0x0000000100000000)
 ParOldGen       total 178688K, used 108548K [0x00000000c0000000, 0x00000000cae80000, 0x00000000eab00000)
  object space 178688K, 60% used [0x00000000c0000000,0x00000000c6a01058,0x00000000cae80000)
 Metaspace       used 6174K, capacity 7216K, committed 7296K, reserved 1056768K
  class space    used 588K, capacity 616K, committed 640K, reserved 1048576K
}
Event: 9.583 GC heap before
{Heap before GC invocations=16 (full 2):
 PSYoungGen      total 269824K, used 269794K [0x00000000eab00000, 0x0000000100000000, 0x0000000100000000)
  eden space 190464K, 100% used [0x00000000eab00000,0x00000000f6500000,0x00000000f6500000)
  from space 79360K, 99% used [0x00000000f6500000,0x00000000fb278960,0x00000000fb280000)
  to   space 79360K, 0% used [0x00000000fb280000,0x00000000fb280000,0x0000000100000000)
 ParOldGen       total 178688K, used 108548K [0x00000000c0000000, 0x00000000cae80000, 0x00000000eab00000)
  object space 178688K, 60% used [0x00000000c0000000,0x00000000c6a01058,0x00000000cae80000)
 Metaspace       used 6180K, capacity 7216K, committed 7296K, reserved 1056768K
  class space    used 588K, capacity 616K, committed 640K, reserved 1048576K
Event: 9.859 GC heap after
Heap after GC invocations=16 (full 2):
 PSYoungGen      total 204288K, used 79343K [0x00000000eab00000, 0x0000000100000000, 0x0000000100000000)
  eden space 124928K, 0% used [0x00000000eab00000,0x00000000eab00000,0x00000000f2500000)
  from space 79360K, 99% used [0x00000000fb280000,0x00000000ffffbde8,0x0000000100000000)
  to   space 112128K, 0% used [0x00000000f2500000,0x00000000f2500000,0x00000000f9280000)
 ParOldGen       total 178688K, used 132077K [0x00000000c0000000, 0x00000000cae80000, 0x00000000eab00000)
  object space 178688K, 73% used [0x00000000c0000000,0x00000000c80fb750,0x00000000cae80000)
 Metaspace       used 6180K, capacity 7216K, committed 7296K, reserved 1056768K
  class space    used 588K, capacity 616K, committed 640K, reserved 1048576K
}
Event: 13.031 GC heap before
{Heap before GC invocations=17 (full 2):
 PSYoungGen      total 204288K, used 204271K [0x00000000eab00000, 0x0000000100000000, 0x0000000100000000)
  eden space 124928K, 100% used [0x00000000eab00000,0x00000000f2500000,0x00000000f2500000)
  from space 79360K, 99% used [0x00000000fb280000,0x00000000ffffbde8,0x0000000100000000)
  to   space 112128K, 0% used [0x00000000f2500000,0x00000000f2500000,0x00000000f9280000)
 ParOldGen       total 178688K, used 132077K [0x00000000c0000000, 0x00000000cae80000, 0x00000000eab00000)
  object space 178688K, 73% used [0x00000000c0000000,0x00000000c80fb750,0x00000000cae80000)
 Metaspace       used 6185K, capacity 7216K, committed 7296K, reserved 1056768K
  class space    used 588K, capacity 616K, committed 640K, reserved 1048576K
Event: 13.138 GC heap after
Heap after GC invocations=17 (full 2):
 PSYoungGen      total 224768K, used 99428K [0x00000000eab00000, 0x0000000100000000, 0x0000000100000000)
  eden space 124928K, 0% used [0x00000000eab00000,0x00000000eab00000,0x00000000f2500000)
  from space 99840K, 99% used [0x00000000f2500000,0x00000000f8619170,0x00000000f8680000)
  to   space 116224K, 0% used [0x00000000f8e80000,0x00000000f8e80000,0x0000000100000000)
 ParOldGen       total 178688K, used 132085K [0x00000000c0000000, 0x00000000cae80000, 0x00000000eab00000)
  object space 178688K, 73% used [0x00000000c0000000,0x00000000c80fd750,0x00000000cae80000)
 Metaspace       used 6185K, capacity 7216K, committed 7296K, reserved 1056768K
  class space    used 588K, capacity 616K, committed 640K, reserved 1048576K
}
Event: 13.545 GC heap before
{Heap before GC invocations=18 (full 2):
 PSYoungGen      total 224768K, used 224356K [0x00000000eab00000, 0x0000000100000000, 0x0000000100000000)
  eden space 124928K, 100% used [0x00000000eab00000,0x00000000f2500000,0x00000000f2500000)
  from space 99840K, 99% used [0x00000000f2500000,0x00000000f8619170,0x00000000f8680000)
  to   space 116224K, 0% used [0x00000000f8e80000,0x00000000f8e80000,0x0000000100000000)
 ParOldGen       total 178688K, used 132085K [0x00000000c0000000, 0x00000000cae80000, 0x00000000eab00000)
  object space 178688K, 73% used [0x00000000c0000000,0x00000000c80fd750,0x00000000cae80000)
 Metaspace       used 6187K, capacity 7216K, committed 7296K, reserved 1056768K
  class space    used 588K, capacity 616K, committed 640K, reserved 1048576K
Event: 13.685 GC heap after
Heap after GC invocations=18 (full 2):
 PSYoungGen      total 232960K, used 79437K [0x00000000eab00000, 0x0000000100000000, 0x0000000100000000)
  eden space 116736K, 0% used [0x00000000eab00000,0x00000000eab00000,0x00000000f1d00000)
  from space 116224K, 68% used [0x00000000f8e80000,0x00000000fdc13728,0x0000000100000000)
  to   space 116224K, 0% used [0x00000000f1d00000,0x00000000f1d00000,0x00000000f8e80000)
 ParOldGen       total 178688K, used 172326K [0x00000000c0000000, 0x00000000cae80000, 0x00000000eab00000)
  object space 178688K, 96% used [0x00000000c0000000,0x00000000ca849868,0x00000000cae80000)
 Metaspace       used 6187K, capacity 7216K, committed 7296K, reserved 1056768K
  class space    used 588K, capacity 616K, committed 640K, reserved 1048576K
}
Event: 13.685 GC heap before
{Heap before GC invocations=19 (full 3):
 PSYoungGen      total 232960K, used 79437K [0x00000000eab00000, 0x0000000100000000, 0x0000000100000000)
  eden space 116736K, 0% used [0x00000000eab00000,0x00000000eab00000,0x00000000f1d00000)
  from space 116224K, 68% used [0x00000000f8e80000,0x00000000fdc13728,0x0000000100000000)
  to   space 116224K, 0% used [0x00000000f1d00000,0x00000000f1d00000,0x00000000f8e80000)
 ParOldGen       total 178688K, used 172326K [0x00000000c0000000, 0x00000000cae80000, 0x00000000eab00000)
  object space 178688K, 96% used [0x00000000c0000000,0x00000000ca849868,0x00000000cae80000)
 Metaspace       used 6187K, capacity 7216K, committed 7296K, reserved 1056768K
  class space    used 588K, capacity 616K, committed 640K, reserved 1048576K

