# JRE version: Java(TM) SE Runtime Environment (8.0_91-b14) (build 1.8.0_91-b14)
# Java VM: Java HotSpot(TM) 64-Bit Server VM (25.91-b14 mixed mode linux-amd64 compressed oops)
Heap:
 PSYoungGen      total 300544K, used 29278K [0x00000000eab00000, 0x0000000100000000, 0x0000000100000000)
  eden space 263168K, 0% used [0x00000000eab00000,0x00000000eab00000,0x00000000fac00000)
  from space 37376K, 78% used [0x00000000fac00000,0x00000000fc8979c8,0x00000000fd080000)
  to   space 47104K, 0% used [0x00000000fd200000,0x00000000fd200000,0x0000000100000000)
 ParOldGen       total 157696K, used 157313K [0x00000000c0000000, 0x00000000c9a00000, 0x00000000eab00000)
  object space 157696K, 99% used [0x00000000c0000000,0x00000000c99a0498,0x00000000c9a00000)
 Metaspace       used 6202K, capacity 7216K, committed 7296K, reserved 1056768K
  class space    used 588K, capacity 616K, committed 640K, reserved 1048576K
GC Heap History (10 events):
Event: 16.604 GC heap after
Heap after GC invocations=14 (full 2):
 PSYoungGen      total 256512K, used 25323K [0x00000000eab00000, 0x00000000fcc80000, 0x0000000100000000)
  eden space 220672K, 0% used [0x00000000eab00000,0x00000000eab00000,0x00000000f8280000)
  from space 35840K, 70% used [0x00000000fa980000,0x00000000fc23aed0,0x00000000fcc80000)
  to   space 37888K, 0% used [0x00000000f8280000,0x00000000f8280000,0x00000000fa780000)
 ParOldGen       total 129024K, used 120894K [0x00000000c0000000, 0x00000000c7e00000, 0x00000000eab00000)
  object space 129024K, 93% used [0x00000000c0000000,0x00000000c760f918,0x00000000c7e00000)
 Metaspace       used 6113K, capacity 7152K, committed 7296K, reserved 1056768K
  class space    used 588K, capacity 616K, committed 640K, reserved 1048576K
}
Event: 16.604 GC heap before
{Heap before GC invocations=15 (full 3):
 PSYoungGen      total 256512K, used 25323K [0x00000000eab00000, 0x00000000fcc80000, 0x0000000100000000)
  eden space 220672K, 0% used [0x00000000eab00000,0x00000000eab00000,0x00000000f8280000)
  from space 35840K, 70% used [0x00000000fa980000,0x00000000fc23aed0,0x00000000fcc80000)
  to   space 37888K, 0% used [0x00000000f8280000,0x00000000f8280000,0x00000000fa780000)
 ParOldGen       total 129024K, used 120894K [0x00000000c0000000, 0x00000000c7e00000, 0x00000000eab00000)
  object space 129024K, 93% used [0x00000000c0000000,0x00000000c760f918,0x00000000c7e00000)
 Metaspace       used 6113K, capacity 7152K, committed 7296K, reserved 1056768K
  class space    used 588K, capacity 616K, committed 640K, reserved 1048576K
Event: 17.162 GC heap after
Heap after GC invocations=15 (full 3):
 PSYoungGen      total 256512K, used 0K [0x00000000eab00000, 0x00000000fcc80000, 0x0000000100000000)
  eden space 220672K, 0% used [0x00000000eab00000,0x00000000eab00000,0x00000000f8280000)
  from space 35840K, 0% used [0x00000000fa980000,0x00000000fa980000,0x00000000fcc80000)
  to   space 37888K, 0% used [0x00000000f8280000,0x00000000f8280000,0x00000000fa780000)
 ParOldGen       total 157696K, used 95376K [0x00000000c0000000, 0x00000000c9a00000, 0x00000000eab00000)
  object space 157696K, 60% used [0x00000000c0000000,0x00000000c5d24160,0x00000000c9a00000)
 Metaspace       used 6113K, capacity 7152K, committed 7296K, reserved 1056768K
  class space    used 588K, capacity 616K, committed 640K, reserved 1048576K
}
Event: 17.674 GC heap before
{Heap before GC invocations=16 (full 3):
 PSYoungGen      total 256512K, used 220672K [0x00000000eab00000, 0x00000000fcc80000, 0x0000000100000000)
  eden space 220672K, 100% used [0x00000000eab00000,0x00000000f8280000,0x00000000f8280000)
  from space 35840K, 0% used [0x00000000fa980000,0x00000000fa980000,0x00000000fcc80000)
  to   space 37888K, 0% used [0x00000000f8280000,0x00000000f8280000,0x00000000fa780000)
 ParOldGen       total 157696K, used 95376K [0x00000000c0000000, 0x00000000c9a00000, 0x00000000eab00000)
  object space 157696K, 60% used [0x00000000c0000000,0x00000000c5d24160,0x00000000c9a00000)
 Metaspace       used 6132K, capacity 7216K, committed 7296K, reserved 1056768K
  class space    used 588K, capacity 616K, committed 640K, reserved 1048576K
Event: 17.728 GC heap after
Heap after GC invocations=16 (full 3):
 PSYoungGen      total 258560K, used 27582K [0x00000000eab00000, 0x0000000100000000, 0x0000000100000000)
  eden space 220672K, 0% used [0x00000000eab00000,0x00000000eab00000,0x00000000f8280000)
  from space 37888K, 72% used [0x00000000f8280000,0x00000000f9d6fbf0,0x00000000fa780000)
  to   space 39936K, 0% used [0x00000000fd900000,0x00000000fd900000,0x0000000100000000)
 ParOldGen       total 157696K, used 95384K [0x00000000c0000000, 0x00000000c9a00000, 0x00000000eab00000)
  object space 157696K, 60% used [0x00000000c0000000,0x00000000c5d26160,0x00000000c9a00000)
 Metaspace       used 6132K, capacity 7216K, committed 7296K, reserved 1056768K
  class space    used 588K, capacity 616K, committed 640K, reserved 1048576K
}
Event: 18.272 GC heap before
{Heap before GC invocations=17 (full 3):
 PSYoungGen      total 258560K, used 248254K [0x00000000eab00000, 0x0000000100000000, 0x0000000100000000)
  eden space 220672K, 100% used [0x00000000eab00000,0x00000000f8280000,0x00000000f8280000)
  from space 37888K, 72% used [0x00000000f8280000,0x00000000f9d6fbf0,0x00000000fa780000)
  to   space 39936K, 0% used [0x00000000fd900000,0x00000000fd900000,0x0000000100000000)
 ParOldGen       total 157696K, used 95384K [0x00000000c0000000, 0x00000000c9a00000, 0x00000000eab00000)
  object space 157696K, 60% used [0x00000000c0000000,0x00000000c5d26160,0x00000000c9a00000)
 Metaspace       used 6176K, capacity 7216K, committed 7296K, reserved 1056768K
  class space    used 588K, capacity 616K, committed 640K, reserved 1048576K
Event: 18.427 GC heap after
Heap after GC invocations=17 (full 3):
 PSYoungGen      total 303104K, used 31263K [0x00000000eab00000, 0x0000000100000000, 0x0000000100000000)
  eden space 263168K, 0% used [0x00000000eab00000,0x00000000eab00000,0x00000000fac00000)
  from space 39936K, 78% used [0x00000000fd900000,0x00000000ff787c58,0x0000000100000000)
  to   space 43008K, 0% used [0x00000000fac00000,0x00000000fac00000,0x00000000fd600000)
 ParOldGen       total 157696K, used 122879K [0x00000000c0000000, 0x00000000c9a00000, 0x00000000eab00000)
  object space 157696K, 77% used [0x00000000c0000000,0x00000000c77fffc8,0x00000000c9a00000)
 Metaspace       used 6176K, capacity 7216K, committed 7296K, reserved 1056768K
  class space    used 588K, capacity 616K, committed 640K, reserved 1048576K
}
Event: 19.363 GC heap before
{Heap before GC invocations=18 (full 3):
 PSYoungGen      total 303104K, used 294431K [0x00000000eab00000, 0x0000000100000000, 0x0000000100000000)
  eden space 263168K, 100% used [0x00000000eab00000,0x00000000fac00000,0x00000000fac00000)
  from space 39936K, 78% used [0x00000000fd900000,0x00000000ff787c58,0x0000000100000000)
  to   space 43008K, 0% used [0x00000000fac00000,0x00000000fac00000,0x00000000fd600000)
 ParOldGen       total 157696K, used 122879K [0x00000000c0000000, 0x00000000c9a00000, 0x00000000eab00000)
  object space 157696K, 77% used [0x00000000c0000000,0x00000000c77fffc8,0x00000000c9a00000)
 Metaspace       used 6202K, capacity 7216K, committed 7296K, reserved 1056768K
  class space    used 588K, capacity 616K, committed 640K, reserved 1048576K
Event: 19.442 GC heap after
Heap after GC invocations=18 (full 3):
 PSYoungGen      total 300544K, used 37133K [0x00000000eab00000, 0x0000000100000000, 0x0000000100000000)
  eden space 263168K, 0% used [0x00000000eab00000,0x00000000eab00000,0x00000000fac00000)
  from space 37376K, 99% used [0x00000000fac00000,0x00000000fd043788,0x00000000fd080000)
  to   space 47104K, 0% used [0x00000000fd200000,0x00000000fd200000,0x0000000100000000)
 ParOldGen       total 157696K, used 153932K [0x00000000c0000000, 0x00000000c9a00000, 0x00000000eab00000)
  object space 157696K, 97% used [0x00000000c0000000,0x00000000c96532b0,0x00000000c9a00000)
 Metaspace       used 6202K, capacity 7216K, committed 7296K, reserved 1056768K
  class space    used 588K, capacity 616K, committed 640K, reserved 1048576K
}
Event: 19.461 GC heap before
{Heap before GC invocations=19 (full 4):
 PSYoungGen      total 300544K, used 37133K [0x00000000eab00000, 0x0000000100000000, 0x0000000100000000)
  eden space 263168K, 0% used [0x00000000eab00000,0x00000000eab00000,0x00000000fac00000)
  from space 37376K, 99% used [0x00000000fac00000,0x00000000fd043788,0x00000000fd080000)
  to   space 47104K, 0% used [0x00000000fd200000,0x00000000fd200000,0x0000000100000000)
 ParOldGen       total 157696K, used 153932K [0x00000000c0000000, 0x00000000c9a00000, 0x00000000eab00000)
  object space 157696K, 97% used [0x00000000c0000000,0x00000000c96532b0,0x00000000c9a00000)
 Metaspace       used 6202K, capacity 7216K, committed 7296K, reserved 1056768K
  class space    used 588K, capacity 616K, committed 640K, reserved 1048576K

