# JRE version: Java(TM) SE Runtime Environment (8.0_91-b14) (build 1.8.0_91-b14)
# Java VM: Java HotSpot(TM) 64-Bit Server VM (25.91-b14 mixed mode linux-amd64 compressed oops)
Heap:
 PSYoungGen      total 232960K, used 31764K [0x00000000eab00000, 0x0000000100000000, 0x0000000100000000)
  eden space 116736K, 0% used [0x00000000eab00000,0x00000000eab00000,0x00000000f1d00000)
  from space 116224K, 27% used [0x00000000f1d00000,0x00000000f3c05170,0x00000000f8e80000)
  to   space 114688K, 0% used [0x00000000f9000000,0x00000000f9000000,0x0000000100000000)
 ParOldGen       total 190464K, used 190140K [0x00000000c0000000, 0x00000000cba00000, 0x00000000eab00000)
  object space 190464K, 99% used [0x00000000c0000000,0x00000000cb9af050,0x00000000cba00000)
 Metaspace       used 6176K, capacity 7216K, committed 7296K, reserved 1056768K
  class space    used 588K, capacity 616K, committed 640K, reserved 1048576K
GC Heap History (10 events):
Event: 20.221 GC heap after
Heap after GC invocations=16 (full 3):
 PSYoungGen      total 251392K, used 66659K [0x00000000eab00000, 0x0000000100000000, 0x0000000100000000)
  eden space 183296K, 0% used [0x00000000eab00000,0x00000000eab00000,0x00000000f5e00000)
  from space 68096K, 97% used [0x00000000f5e00000,0x00000000f9f18d98,0x00000000fa080000)
  to   space 78336K, 0% used [0x00000000fb380000,0x00000000fb380000,0x0000000100000000)
 ParOldGen       total 190464K, used 93606K [0x00000000c0000000, 0x00000000cba00000, 0x00000000eab00000)
  object space 190464K, 49% used [0x00000000c0000000,0x00000000c5b69bc0,0x00000000cba00000)
 Metaspace       used 6160K, capacity 7216K, committed 7296K, reserved 1056768K
  class space    used 588K, capacity 616K, committed 640K, reserved 1048576K
}
Event: 22.084 GC heap before
{Heap before GC invocations=17 (full 3):
 PSYoungGen      total 251392K, used 249955K [0x00000000eab00000, 0x0000000100000000, 0x0000000100000000)
  eden space 183296K, 100% used [0x00000000eab00000,0x00000000f5e00000,0x00000000f5e00000)
  from space 68096K, 97% used [0x00000000f5e00000,0x00000000f9f18d98,0x00000000fa080000)
  to   space 78336K, 0% used [0x00000000fb380000,0x00000000fb380000,0x0000000100000000)
 ParOldGen       total 190464K, used 93606K [0x00000000c0000000, 0x00000000cba00000, 0x00000000eab00000)
  object space 190464K, 49% used [0x00000000c0000000,0x00000000c5b69bc0,0x00000000cba00000)
 Metaspace       used 6169K, capacity 7216K, committed 7296K, reserved 1056768K
  class space    used 588K, capacity 616K, committed 640K, reserved 1048576K
Event: 22.593 GC heap after
Heap after GC invocations=17 (full 3):
 PSYoungGen      total 236032K, used 78330K [0x00000000eab00000, 0x0000000100000000, 0x0000000100000000)
  eden space 157696K, 0% used [0x00000000eab00000,0x00000000eab00000,0x00000000f4500000)
  from space 78336K, 99% used [0x00000000fb380000,0x00000000ffffeb10,0x0000000100000000)
  to   space 95744K, 0% used [0x00000000f4500000,0x00000000f4500000,0x00000000fa280000)
 ParOldGen       total 190464K, used 106702K [0x00000000c0000000, 0x00000000cba00000, 0x00000000eab00000)
  object space 190464K, 56% used [0x00000000c0000000,0x00000000c6833840,0x00000000cba00000)
 Metaspace       used 6169K, capacity 7216K, committed 7296K, reserved 1056768K
  class space    used 588K, capacity 616K, committed 640K, reserved 1048576K
}
Event: 23.844 GC heap before
{Heap before GC invocations=18 (full 3):
 PSYoungGen      total 236032K, used 236026K [0x00000000eab00000, 0x0000000100000000, 0x0000000100000000)
  eden space 157696K, 100% used [0x00000000eab00000,0x00000000f4500000,0x00000000f4500000)
  from space 78336K, 99% used [0x00000000fb380000,0x00000000ffffeb10,0x0000000100000000)
  to   space 95744K, 0% used [0x00000000f4500000,0x00000000f4500000,0x00000000fa280000)
 ParOldGen       total 190464K, used 106702K [0x00000000c0000000, 0x00000000cba00000, 0x00000000eab00000)
  object space 190464K, 56% used [0x00000000c0000000,0x00000000c6833840,0x00000000cba00000)
 Metaspace       used 6174K, capacity 7216K, committed 7296K, reserved 1056768K
  class space    used 588K, capacity 616K, committed 640K, reserved 1048576K
Event: 24.237 GC heap after
Heap after GC invocations=18 (full 3):
 PSYoungGen      total 253440K, used 95715K [0x00000000eab00000, 0x0000000100000000, 0x0000000100000000)
  eden space 157696K, 0% used [0x00000000eab00000,0x00000000eab00000,0x00000000f4500000)
  from space 95744K, 99% used [0x00000000f4500000,0x00000000fa278c78,0x00000000fa280000)
  to   space 95744K, 0% used [0x00000000fa280000,0x00000000fa280000,0x0000000100000000)
 ParOldGen       total 190464K, used 114452K [0x00000000c0000000, 0x00000000cba00000, 0x00000000eab00000)
  object space 190464K, 60% used [0x00000000c0000000,0x00000000c6fc51b0,0x00000000cba00000)
 Metaspace       used 6174K, capacity 7216K, committed 7296K, reserved 1056768K
  class space    used 588K, capacity 616K, committed 640K, reserved 1048576K
}
Event: 25.352 GC heap before
{Heap before GC invocations=19 (full 3):
 PSYoungGen      total 253440K, used 253411K [0x00000000eab00000, 0x0000000100000000, 0x0000000100000000)
  eden space 157696K, 100% used [0x00000000eab00000,0x00000000f4500000,0x00000000f4500000)
  from space 95744K, 99% used [0x00000000f4500000,0x00000000fa278c78,0x00000000fa280000)
  to   space 95744K, 0% used [0x00000000fa280000,0x00000000fa280000,0x0000000100000000)
 ParOldGen       total 190464K, used 114452K [0x00000000c0000000, 0x00000000cba00000, 0x00000000eab00000)
  object space 190464K, 60% used [0x00000000c0000000,0x00000000c6fc51b0,0x00000000cba00000)
 Metaspace       used 6176K, capacity 7216K, committed 7296K, reserved 1056768K
  class space    used 588K, capacity 616K, committed 640K, reserved 1048576K
Event: 25.734 GC heap after
Heap after GC invocations=19 (full 3):
 PSYoungGen      total 212480K, used 78535K [0x00000000eab00000, 0x0000000100000000, 0x0000000100000000)
  eden space 116736K, 0% used [0x00000000eab00000,0x00000000eab00000,0x00000000f1d00000)
  from space 95744K, 82% used [0x00000000fa280000,0x00000000fef31e10,0x0000000100000000)
  to   space 116224K, 0% used [0x00000000f1d00000,0x00000000f1d00000,0x00000000f8e80000)
 ParOldGen       total 190464K, used 146507K [0x00000000c0000000, 0x00000000cba00000, 0x00000000eab00000)
  object space 190464K, 76% used [0x00000000c0000000,0x00000000c8f12ed0,0x00000000cba00000)
 Metaspace       used 6176K, capacity 7216K, committed 7296K, reserved 1056768K
  class space    used 588K, capacity 616K, committed 640K, reserved 1048576K
}
Event: 26.837 GC heap before
{Heap before GC invocations=20 (full 3):
 PSYoungGen      total 212480K, used 195271K [0x00000000eab00000, 0x0000000100000000, 0x0000000100000000)
  eden space 116736K, 100% used [0x00000000eab00000,0x00000000f1d00000,0x00000000f1d00000)
  from space 95744K, 82% used [0x00000000fa280000,0x00000000fef31e10,0x0000000100000000)
  to   space 116224K, 0% used [0x00000000f1d00000,0x00000000f1d00000,0x00000000f8e80000)
 ParOldGen       total 190464K, used 146507K [0x00000000c0000000, 0x00000000cba00000, 0x00000000eab00000)
  object space 190464K, 76% used [0x00000000c0000000,0x00000000c8f12ed0,0x00000000cba00000)
 Metaspace       used 6176K, capacity 7216K, committed 7296K, reserved 1056768K
  class space    used 588K, capacity 616K, committed 640K, reserved 1048576K
Event: 27.096 GC heap after
Heap after GC invocations=20 (full 3):
 PSYoungGen      total 232960K, used 52995K [0x00000000eab00000, 0x0000000100000000, 0x0000000100000000)
  eden space 116736K, 0% used [0x00000000eab00000,0x00000000eab00000,0x00000000f1d00000)
  from space 116224K, 45% used [0x00000000f1d00000,0x00000000f50c0f88,0x00000000f8e80000)
  to   space 114688K, 0% used [0x00000000f9000000,0x00000000f9000000,0x0000000100000000)
 ParOldGen       total 190464K, used 185006K [0x00000000c0000000, 0x00000000cba00000, 0x00000000eab00000)
  object space 190464K, 97% used [0x00000000c0000000,0x00000000cb4ab808,0x00000000cba00000)
 Metaspace       used 6176K, capacity 7216K, committed 7296K, reserved 1056768K
  class space    used 588K, capacity 616K, committed 640K, reserved 1048576K
}
Event: 27.096 GC heap before
{Heap before GC invocations=21 (full 4):
 PSYoungGen      total 232960K, used 52995K [0x00000000eab00000, 0x0000000100000000, 0x0000000100000000)
  eden space 116736K, 0% used [0x00000000eab00000,0x00000000eab00000,0x00000000f1d00000)
  from space 116224K, 45% used [0x00000000f1d00000,0x00000000f50c0f88,0x00000000f8e80000)
  to   space 114688K, 0% used [0x00000000f9000000,0x00000000f9000000,0x0000000100000000)
 ParOldGen       total 190464K, used 185006K [0x00000000c0000000, 0x00000000cba00000, 0x00000000eab00000)
  object space 190464K, 97% used [0x00000000c0000000,0x00000000cb4ab808,0x00000000cba00000)
 Metaspace       used 6176K, capacity 7216K, committed 7296K, reserved 1056768K
  class space    used 588K, capacity 616K, committed 640K, reserved 1048576K

