# JRE version: Java(TM) SE Runtime Environment (8.0_91-b14) (build 1.8.0_91-b14)
# Java VM: Java HotSpot(TM) 64-Bit Server VM (25.91-b14 mixed mode linux-amd64 compressed oops)
Heap:
 PSYoungGen      total 252416K, used 21445K [0x00000000eab00000, 0x0000000100000000, 0x0000000100000000)
  eden space 178688K, 0% used [0x00000000eab00000,0x00000000eab00000,0x00000000f5980000)
  from space 73728K, 29% used [0x00000000f5980000,0x00000000f6e71768,0x00000000fa180000)
  to   space 80896K, 0% used [0x00000000fb100000,0x00000000fb100000,0x0000000100000000)
 ParOldGen       total 161280K, used 160856K [0x00000000c0000000, 0x00000000c9d80000, 0x00000000eab00000)
  object space 161280K, 99% used [0x00000000c0000000,0x00000000c9d163b8,0x00000000c9d80000)
 Metaspace       used 6180K, capacity 7216K, committed 7296K, reserved 1056768K
  class space    used 588K, capacity 616K, committed 640K, reserved 1048576K
GC Heap History (10 events):
Event: 5.714 GC heap after
Heap after GC invocations=13 (full 3):
 PSYoungGen      total 186368K, used 25791K [0x00000000eab00000, 0x00000000fa200000, 0x0000000100000000)
  eden space 144384K, 0% used [0x00000000eab00000,0x00000000eab00000,0x00000000f3800000)
  from space 41984K, 61% used [0x00000000f3800000,0x00000000f512fd78,0x00000000f6100000)
  to   space 43008K, 0% used [0x00000000f7800000,0x00000000f7800000,0x00000000fa200000)
 ParOldGen       total 161280K, used 85922K [0x00000000c0000000, 0x00000000c9d80000, 0x00000000eab00000)
  object space 161280K, 53% used [0x00000000c0000000,0x00000000c53e8b88,0x00000000c9d80000)
 Metaspace       used 6106K, capacity 7152K, committed 7296K, reserved 1056768K
  class space    used 588K, capacity 616K, committed 640K, reserved 1048576K
}
Event: 6.172 GC heap before
{Heap before GC invocations=14 (full 3):
 PSYoungGen      total 186368K, used 170175K [0x00000000eab00000, 0x00000000fa200000, 0x0000000100000000)
  eden space 144384K, 100% used [0x00000000eab00000,0x00000000f3800000,0x00000000f3800000)
  from space 41984K, 61% used [0x00000000f3800000,0x00000000f512fd78,0x00000000f6100000)
  to   space 43008K, 0% used [0x00000000f7800000,0x00000000f7800000,0x00000000fa200000)
 ParOldGen       total 161280K, used 85922K [0x00000000c0000000, 0x00000000c9d80000, 0x00000000eab00000)
  object space 161280K, 53% used [0x00000000c0000000,0x00000000c53e8b88,0x00000000c9d80000)
 Metaspace       used 6115K, capacity 7152K, committed 7296K, reserved 1056768K
  class space    used 588K, capacity 616K, committed 640K, reserved 1048576K
Event: 6.232 GC heap after
Heap after GC invocations=14 (full 3):
 PSYoungGen      total 204800K, used 38497K [0x00000000eab00000, 0x00000000fae00000, 0x0000000100000000)
  eden space 161792K, 0% used [0x00000000eab00000,0x00000000eab00000,0x00000000f4900000)
  from space 43008K, 89% used [0x00000000f7800000,0x00000000f9d985b0,0x00000000fa200000)
  to   space 48128K, 0% used [0x00000000f4900000,0x00000000f4900000,0x00000000f7800000)
 ParOldGen       total 161280K, used 85930K [0x00000000c0000000, 0x00000000c9d80000, 0x00000000eab00000)
  object space 161280K, 53% used [0x00000000c0000000,0x00000000c53eab88,0x00000000c9d80000)
 Metaspace       used 6115K, capacity 7152K, committed 7296K, reserved 1056768K
  class space    used 588K, capacity 616K, committed 640K, reserved 1048576K
}
Event: 6.754 GC heap before
{Heap before GC invocations=15 (full 3):
 PSYoungGen      total 204800K, used 200289K [0x00000000eab00000, 0x00000000fae00000, 0x0000000100000000)
  eden space 161792K, 100% used [0x00000000eab00000,0x00000000f4900000,0x00000000f4900000)
  from space 43008K, 89% used [0x00000000f7800000,0x00000000f9d985b0,0x00000000fa200000)
  to   space 48128K, 0% used [0x00000000f4900000,0x00000000f4900000,0x00000000f7800000)
 ParOldGen       total 161280K, used 85930K [0x00000000c0000000, 0x00000000c9d80000, 0x00000000eab00000)
  object space 161280K, 53% used [0x00000000c0000000,0x00000000c53eab88,0x00000000c9d80000)
 Metaspace       used 6141K, capacity 7216K, committed 7296K, reserved 1056768K
  class space    used 588K, capacity 616K, committed 640K, reserved 1048576K
Event: 6.833 GC heap after
Heap after GC invocations=15 (full 3):
 PSYoungGen      total 209920K, used 48109K [0x00000000eab00000, 0x00000000fdc80000, 0x0000000100000000)
  eden space 161792K, 0% used [0x00000000eab00000,0x00000000eab00000,0x00000000f4900000)
  from space 48128K, 99% used [0x00000000f4900000,0x00000000f77fb410,0x00000000f7800000)
  to   space 60416K, 0% used [0x00000000fa180000,0x00000000fa180000,0x00000000fdc80000)
 ParOldGen       total 161280K, used 98013K [0x00000000c0000000, 0x00000000c9d80000, 0x00000000eab00000)
  object space 161280K, 60% used [0x00000000c0000000,0x00000000c5fb7588,0x00000000c9d80000)
 Metaspace       used 6141K, capacity 7216K, committed 7296K, reserved 1056768K
  class space    used 588K, capacity 616K, committed 640K, reserved 1048576K
}
Event: 7.332 GC heap before
{Heap before GC invocations=16 (full 3):
 PSYoungGen      total 209920K, used 209901K [0x00000000eab00000, 0x00000000fdc80000, 0x0000000100000000)
  eden space 161792K, 100% used [0x00000000eab00000,0x00000000f4900000,0x00000000f4900000)
  from space 48128K, 99% used [0x00000000f4900000,0x00000000f77fb410,0x00000000f7800000)
  to   space 60416K, 0% used [0x00000000fa180000,0x00000000fa180000,0x00000000fdc80000)
 ParOldGen       total 161280K, used 98013K [0x00000000c0000000, 0x00000000c9d80000, 0x00000000eab00000)
  object space 161280K, 60% used [0x00000000c0000000,0x00000000c5fb7588,0x00000000c9d80000)
 Metaspace       used 6163K, capacity 7216K, committed 7296K, reserved 1056768K
  class space    used 588K, capacity 616K, committed 640K, reserved 1048576K
Event: 7.468 GC heap after
Heap after GC invocations=16 (full 3):
 PSYoungGen      total 239104K, used 60388K [0x00000000eab00000, 0x00000000ffc80000, 0x0000000100000000)
  eden space 178688K, 0% used [0x00000000eab00000,0x00000000eab00000,0x00000000f5980000)
  from space 60416K, 99% used [0x00000000fa180000,0x00000000fdc79180,0x00000000fdc80000)
  to   space 73728K, 0% used [0x00000000f5980000,0x00000000f5980000,0x00000000fa180000)
 ParOldGen       total 161280K, used 107236K [0x00000000c0000000, 0x00000000c9d80000, 0x00000000eab00000)
  object space 161280K, 66% used [0x00000000c0000000,0x00000000c68b9168,0x00000000c9d80000)
 Metaspace       used 6163K, capacity 7216K, committed 7296K, reserved 1056768K
  class space    used 588K, capacity 616K, committed 640K, reserved 1048576K
}
Event: 8.021 GC heap before
{Heap before GC invocations=17 (full 3):
 PSYoungGen      total 239104K, used 239076K [0x00000000eab00000, 0x00000000ffc80000, 0x0000000100000000)
  eden space 178688K, 100% used [0x00000000eab00000,0x00000000f5980000,0x00000000f5980000)
  from space 60416K, 99% used [0x00000000fa180000,0x00000000fdc79180,0x00000000fdc80000)
  to   space 73728K, 0% used [0x00000000f5980000,0x00000000f5980000,0x00000000fa180000)
 ParOldGen       total 161280K, used 107236K [0x00000000c0000000, 0x00000000c9d80000, 0x00000000eab00000)
  object space 161280K, 66% used [0x00000000c0000000,0x00000000c68b9168,0x00000000c9d80000)
 Metaspace       used 6180K, capacity 7216K, committed 7296K, reserved 1056768K
  class space    used 588K, capacity 616K, committed 640K, reserved 1048576K
Event: 8.142 GC heap after
Heap after GC invocations=17 (full 3):
 PSYoungGen      total 252416K, used 59512K [0x00000000eab00000, 0x0000000100000000, 0x0000000100000000)
  eden space 178688K, 0% used [0x00000000eab00000,0x00000000eab00000,0x00000000f5980000)
  from space 73728K, 80% used [0x00000000f5980000,0x00000000f939e030,0x00000000fa180000)
  to   space 80896K, 0% used [0x00000000fb100000,0x00000000fb100000,0x0000000100000000)
 ParOldGen       total 161280K, used 135452K [0x00000000c0000000, 0x00000000c9d80000, 0x00000000eab00000)
  object space 161280K, 83% used [0x00000000c0000000,0x00000000c8447270,0x00000000c9d80000)
 Metaspace       used 6180K, capacity 7216K, committed 7296K, reserved 1056768K
  class space    used 588K, capacity 616K, committed 640K, reserved 1048576K
}
Event: 8.142 GC heap before
{Heap before GC invocations=18 (full 4):
 PSYoungGen      total 252416K, used 59512K [0x00000000eab00000, 0x0000000100000000, 0x0000000100000000)
  eden space 178688K, 0% used [0x00000000eab00000,0x00000000eab00000,0x00000000f5980000)
  from space 73728K, 80% used [0x00000000f5980000,0x00000000f939e030,0x00000000fa180000)
  to   space 80896K, 0% used [0x00000000fb100000,0x00000000fb100000,0x0000000100000000)
 ParOldGen       total 161280K, used 135452K [0x00000000c0000000, 0x00000000c9d80000, 0x00000000eab00000)
  object space 161280K, 83% used [0x00000000c0000000,0x00000000c8447270,0x00000000c9d80000)
 Metaspace       used 6180K, capacity 7216K, committed 7296K, reserved 1056768K
  class space    used 588K, capacity 616K, committed 640K, reserved 1048576K

