# JRE version: Java(TM) SE Runtime Environment (8.0_91-b14) (build 1.8.0_91-b14)
# Java VM: Java HotSpot(TM) 64-Bit Server VM (25.91-b14 mixed mode linux-amd64 compressed oops)
Heap:
 PSYoungGen      total 223744K, used 0K [0x00000000eab00000, 0x00000000ffe80000, 0x0000000100000000)
  eden space 173568K, 0% used [0x00000000eab00000,0x00000000eab00000,0x00000000f5480000)
  from space 50176K, 0% used [0x00000000f5480000,0x00000000f5480000,0x00000000f8580000)
  to   space 61440K, 27% used [0x00000000fc280000,0x00000000fd2d6df0,0x00000000ffe80000)
 ParOldGen       total 115712K, used 115708K [0x00000000c0000000, 0x00000000c7100000, 0x00000000eab00000)
  object space 115712K, 99% used [0x00000000c0000000,0x00000000c70ff108,0x00000000c7100000)
 Metaspace       used 6164K, capacity 7216K, committed 7296K, reserved 1056768K
  class space    used 588K, capacity 616K, committed 640K, reserved 1048576K
GC Heap History (10 events):
Event: 6.192 GC heap after
Heap after GC invocations=12 (full 2):
 PSYoungGen      total 180736K, used 23436K [0x00000000eab00000, 0x00000000f8700000, 0x0000000100000000)
  eden space 144384K, 0% used [0x00000000eab00000,0x00000000eab00000,0x00000000f3800000)
  from space 36352K, 64% used [0x00000000f5d00000,0x00000000f73e3230,0x00000000f8080000)
  to   space 37888K, 0% used [0x00000000f3800000,0x00000000f3800000,0x00000000f5d00000)
 ParOldGen       total 110592K, used 57087K [0x00000000c0000000, 0x00000000c6c00000, 0x00000000eab00000)
  object space 110592K, 51% used [0x00000000c0000000,0x00000000c37bfff0,0x00000000c6c00000)
 Metaspace       used 5918K, capacity 7152K, committed 7296K, reserved 1056768K
  class space    used 569K, capacity 616K, committed 640K, reserved 1048576K
}
Event: 9.618 GC heap before
{Heap before GC invocations=13 (full 2):
 PSYoungGen      total 180736K, used 167820K [0x00000000eab00000, 0x00000000f8700000, 0x0000000100000000)
  eden space 144384K, 100% used [0x00000000eab00000,0x00000000f3800000,0x00000000f3800000)
  from space 36352K, 64% used [0x00000000f5d00000,0x00000000f73e3230,0x00000000f8080000)
  to   space 37888K, 0% used [0x00000000f3800000,0x00000000f3800000,0x00000000f5d00000)
 ParOldGen       total 110592K, used 57087K [0x00000000c0000000, 0x00000000c6c00000, 0x00000000eab00000)
  object space 110592K, 51% used [0x00000000c0000000,0x00000000c37bfff0,0x00000000c6c00000)
 Metaspace       used 5964K, capacity 7152K, committed 7296K, reserved 1056768K
  class space    used 569K, capacity 616K, committed 640K, reserved 1048576K
Event: 9.662 GC heap after
Heap after GC invocations=13 (full 2):
 PSYoungGen      total 182272K, used 37865K [0x00000000eab00000, 0x00000000fb200000, 0x0000000100000000)
  eden space 144384K, 0% used [0x00000000eab00000,0x00000000eab00000,0x00000000f3800000)
  from space 37888K, 99% used [0x00000000f3800000,0x00000000f5cfa750,0x00000000f5d00000)
  to   space 45568K, 0% used [0x00000000f8580000,0x00000000f8580000,0x00000000fb200000)
 ParOldGen       total 110592K, used 61267K [0x00000000c0000000, 0x00000000c6c00000, 0x00000000eab00000)
  object space 110592K, 55% used [0x00000000c0000000,0x00000000c3bd4cb8,0x00000000c6c00000)
 Metaspace       used 5964K, capacity 7152K, committed 7296K, reserved 1056768K
  class space    used 569K, capacity 616K, committed 640K, reserved 1048576K
}
Event: 10.826 GC heap before
{Heap before GC invocations=14 (full 2):
 PSYoungGen      total 182272K, used 182249K [0x00000000eab00000, 0x00000000fb200000, 0x0000000100000000)
  eden space 144384K, 100% used [0x00000000eab00000,0x00000000f3800000,0x00000000f3800000)
  from space 37888K, 99% used [0x00000000f3800000,0x00000000f5cfa750,0x00000000f5d00000)
  to   space 45568K, 0% used [0x00000000f8580000,0x00000000f8580000,0x00000000fb200000)
 ParOldGen       total 110592K, used 61267K [0x00000000c0000000, 0x00000000c6c00000, 0x00000000eab00000)
  object space 110592K, 55% used [0x00000000c0000000,0x00000000c3bd4cb8,0x00000000c6c00000)
 Metaspace       used 6085K, capacity 7152K, committed 7296K, reserved 1056768K
  class space    used 588K, capacity 616K, committed 640K, reserved 1048576K
Event: 10.907 GC heap after
Heap after GC invocations=14 (full 2):
 PSYoungGen      total 219136K, used 37696K [0x00000000eab00000, 0x00000000fbb00000, 0x0000000100000000)
  eden space 173568K, 0% used [0x00000000eab00000,0x00000000eab00000,0x00000000f5480000)
  from space 45568K, 82% used [0x00000000f8580000,0x00000000faa50228,0x00000000fb200000)
  to   space 50176K, 0% used [0x00000000f5480000,0x00000000f5480000,0x00000000f8580000)
 ParOldGen       total 110592K, used 77978K [0x00000000c0000000, 0x00000000c6c00000, 0x00000000eab00000)
  object space 110592K, 70% used [0x00000000c0000000,0x00000000c4c26ac0,0x00000000c6c00000)
 Metaspace       used 6085K, capacity 7152K, committed 7296K, reserved 1056768K
  class space    used 588K, capacity 616K, committed 640K, reserved 1048576K
}
Event: 11.256 GC heap before
{Heap before GC invocations=15 (full 2):
 PSYoungGen      total 219136K, used 211264K [0x00000000eab00000, 0x00000000fbb00000, 0x0000000100000000)
  eden space 173568K, 100% used [0x00000000eab00000,0x00000000f5480000,0x00000000f5480000)
  from space 45568K, 82% used [0x00000000f8580000,0x00000000faa50228,0x00000000fb200000)
  to   space 50176K, 0% used [0x00000000f5480000,0x00000000f5480000,0x00000000f8580000)
 ParOldGen       total 110592K, used 77978K [0x00000000c0000000, 0x00000000c6c00000, 0x00000000eab00000)
  object space 110592K, 70% used [0x00000000c0000000,0x00000000c4c26ac0,0x00000000c6c00000)
 Metaspace       used 6116K, capacity 7216K, committed 7296K, reserved 1056768K
  class space    used 588K, capacity 616K, committed 640K, reserved 1048576K
Event: 11.346 GC heap after
Heap after GC invocations=15 (full 2):
 PSYoungGen      total 223744K, used 50148K [0x00000000eab00000, 0x00000000ffe80000, 0x0000000100000000)
  eden space 173568K, 0% used [0x00000000eab00000,0x00000000eab00000,0x00000000f5480000)
  from space 50176K, 99% used [0x00000000f5480000,0x00000000f8579328,0x00000000f8580000)
  to   space 61440K, 0% used [0x00000000fc280000,0x00000000fc280000,0x00000000ffe80000)
 ParOldGen       total 110592K, used 87096K [0x00000000c0000000, 0x00000000c6c00000, 0x00000000eab00000)
  object space 110592K, 78% used [0x00000000c0000000,0x00000000c550e218,0x00000000c6c00000)
 Metaspace       used 6116K, capacity 7216K, committed 7296K, reserved 1056768K
  class space    used 588K, capacity 616K, committed 640K, reserved 1048576K
}
Event: 11.711 GC heap before
{Heap before GC invocations=16 (full 2):
 PSYoungGen      total 223744K, used 223716K [0x00000000eab00000, 0x00000000ffe80000, 0x0000000100000000)
  eden space 173568K, 100% used [0x00000000eab00000,0x00000000f5480000,0x00000000f5480000)
  from space 50176K, 99% used [0x00000000f5480000,0x00000000f8579328,0x00000000f8580000)
  to   space 61440K, 0% used [0x00000000fc280000,0x00000000fc280000,0x00000000ffe80000)
 ParOldGen       total 110592K, used 87096K [0x00000000c0000000, 0x00000000c6c00000, 0x00000000eab00000)
  object space 110592K, 78% used [0x00000000c0000000,0x00000000c550e218,0x00000000c6c00000)
 Metaspace       used 6164K, capacity 7216K, committed 7296K, reserved 1056768K
  class space    used 588K, capacity 616K, committed 640K, reserved 1048576K
Event: 12.219 GC heap after
Heap after GC invocations=16 (full 2):
 PSYoungGen      total 223744K, used 223716K [0x00000000eab00000, 0x00000000ffe80000, 0x0000000100000000)
  eden space 173568K, 100% used [0x00000000eab00000,0x00000000f5480000,0x00000000f5480000)
  from space 50176K, 99% used [0x00000000f5480000,0x00000000f8579328,0x00000000f8580000)
  to   space 61440K, 69% used [0x00000000fc280000,0x00000000febf6748,0x00000000ffe80000)
 ParOldGen       total 115712K, used 115568K [0x00000000c0000000, 0x00000000c7100000, 0x00000000eab00000)
  object space 115712K, 99% used [0x00000000c0000000,0x00000000c70dc3f0,0x00000000c7100000)
 Metaspace       used 6164K, capacity 7216K, committed 7296K, reserved 1056768K
  class space    used 588K, capacity 616K, committed 640K, reserved 1048576K
}
Event: 12.220 GC heap before
{Heap before GC invocations=17 (full 3):
 PSYoungGen      total 223744K, used 223716K [0x00000000eab00000, 0x00000000ffe80000, 0x0000000100000000)
  eden space 173568K, 100% used [0x00000000eab00000,0x00000000f5480000,0x00000000f5480000)
  from space 50176K, 99% used [0x00000000f5480000,0x00000000f8579328,0x00000000f8580000)
  to   space 61440K, 69% used [0x00000000fc280000,0x00000000febf6748,0x00000000ffe80000)
 ParOldGen       total 115712K, used 115568K [0x00000000c0000000, 0x00000000c7100000, 0x00000000eab00000)
  object space 115712K, 99% used [0x00000000c0000000,0x00000000c70dc3f0,0x00000000c7100000)
 Metaspace       used 6164K, capacity 7216K, committed 7296K, reserved 1056768K
  class space    used 588K, capacity 616K, committed 640K, reserved 1048576K

