# JRE version: Java(TM) SE Runtime Environment (8.0_91-b14) (build 1.8.0_91-b14)
# Java VM: Java HotSpot(TM) 64-Bit Server VM (25.91-b14 mixed mode linux-amd64 compressed oops)
Heap:
 PSYoungGen      total 256512K, used 0K [0x00000000eab00000, 0x0000000100000000, 0x0000000100000000)
  eden space 167936K, 0% used [0x00000000eab00000,0x00000000eab00000,0x00000000f4f00000)
  from space 88576K, 0% used [0x00000000fa980000,0x00000000fa980000,0x0000000100000000)
  to   space 90624K, 0% used [0x00000000f4f00000,0x00000000f4f00000,0x00000000fa780000)
 ParOldGen       total 146432K, used 126140K [0x00000000c0000000, 0x00000000c8f00000, 0x00000000eab00000)
  object space 146432K, 86% used [0x00000000c0000000,0x00000000c7b2f1c0,0x00000000c8f00000)
 Metaspace       used 6134K, capacity 7216K, committed 7296K, reserved 1056768K
  class space    used 588K, capacity 616K, committed 640K, reserved 1048576K
GC Heap History (10 events):
Event: 11.292 GC heap after
Heap after GC invocations=10 (full 2):
 PSYoungGen      total 184832K, used 0K [0x00000000eab00000, 0x00000000fc180000, 0x0000000100000000)
  eden space 149504K, 0% used [0x00000000eab00000,0x00000000eab00000,0x00000000f3d00000)
  from space 35328K, 0% used [0x00000000f7300000,0x00000000f7300000,0x00000000f9580000)
  to   space 55296K, 0% used [0x00000000f3d00000,0x00000000f3d00000,0x00000000f7300000)
 ParOldGen       total 146432K, used 81040K [0x00000000c0000000, 0x00000000c8f00000, 0x00000000eab00000)
  object space 146432K, 55% used [0x00000000c0000000,0x00000000c4f24118,0x00000000c8f00000)
 Metaspace       used 5847K, capacity 7088K, committed 7296K, reserved 1056768K
  class space    used 569K, capacity 616K, committed 640K, reserved 1048576K
}
Event: 12.304 GC heap before
{Heap before GC invocations=11 (full 2):
 PSYoungGen      total 184832K, used 149504K [0x00000000eab00000, 0x00000000fc180000, 0x0000000100000000)
  eden space 149504K, 100% used [0x00000000eab00000,0x00000000f3d00000,0x00000000f3d00000)
  from space 35328K, 0% used [0x00000000f7300000,0x00000000f7300000,0x00000000f9580000)
  to   space 55296K, 0% used [0x00000000f3d00000,0x00000000f3d00000,0x00000000f7300000)
 ParOldGen       total 146432K, used 81040K [0x00000000c0000000, 0x00000000c8f00000, 0x00000000eab00000)
  object space 146432K, 55% used [0x00000000c0000000,0x00000000c4f24118,0x00000000c8f00000)
 Metaspace       used 5919K, capacity 7152K, committed 7296K, reserved 1056768K
  class space    used 569K, capacity 616K, committed 640K, reserved 1048576K
Event: 12.566 GC heap after
Heap after GC invocations=11 (full 2):
 PSYoungGen      total 204800K, used 47375K [0x00000000eab00000, 0x00000000fdb00000, 0x0000000100000000)
  eden space 149504K, 0% used [0x00000000eab00000,0x00000000eab00000,0x00000000f3d00000)
  from space 55296K, 85% used [0x00000000f3d00000,0x00000000f6b43ff0,0x00000000f7300000)
  to   space 62464K, 0% used [0x00000000f9e00000,0x00000000f9e00000,0x00000000fdb00000)
 ParOldGen       total 146432K, used 81048K [0x00000000c0000000, 0x00000000c8f00000, 0x00000000eab00000)
  object space 146432K, 55% used [0x00000000c0000000,0x00000000c4f26118,0x00000000c8f00000)
 Metaspace       used 5919K, capacity 7152K, committed 7296K, reserved 1056768K
  class space    used 569K, capacity 616K, committed 640K, reserved 1048576K
}
Event: 13.876 GC heap before
{Heap before GC invocations=12 (full 2):
 PSYoungGen      total 204800K, used 196879K [0x00000000eab00000, 0x00000000fdb00000, 0x0000000100000000)
  eden space 149504K, 100% used [0x00000000eab00000,0x00000000f3d00000,0x00000000f3d00000)
  from space 55296K, 85% used [0x00000000f3d00000,0x00000000f6b43ff0,0x00000000f7300000)
  to   space 62464K, 0% used [0x00000000f9e00000,0x00000000f9e00000,0x00000000fdb00000)
 ParOldGen       total 146432K, used 81048K [0x00000000c0000000, 0x00000000c8f00000, 0x00000000eab00000)
  object space 146432K, 55% used [0x00000000c0000000,0x00000000c4f26118,0x00000000c8f00000)
 Metaspace       used 6050K, capacity 7152K, committed 7296K, reserved 1056768K
  class space    used 588K, capacity 616K, committed 640K, reserved 1048576K
Event: 14.476 GC heap after
Heap after GC invocations=12 (full 2):
 PSYoungGen      total 241152K, used 55770K [0x00000000eab00000, 0x00000000ff300000, 0x0000000100000000)
  eden space 178688K, 0% used [0x00000000eab00000,0x00000000eab00000,0x00000000f5980000)
  from space 62464K, 89% used [0x00000000f9e00000,0x00000000fd476a80,0x00000000fdb00000)
  to   space 70144K, 0% used [0x00000000f5980000,0x00000000f5980000,0x00000000f9e00000)
 ParOldGen       total 146432K, used 81048K [0x00000000c0000000, 0x00000000c8f00000, 0x00000000eab00000)
  object space 146432K, 55% used [0x00000000c0000000,0x00000000c4f26118,0x00000000c8f00000)
 Metaspace       used 6050K, capacity 7152K, committed 7296K, reserved 1056768K
  class space    used 588K, capacity 616K, committed 640K, reserved 1048576K
}
Event: 16.038 GC heap before
{Heap before GC invocations=13 (full 2):
 PSYoungGen      total 241152K, used 234458K [0x00000000eab00000, 0x00000000ff300000, 0x0000000100000000)
  eden space 178688K, 100% used [0x00000000eab00000,0x00000000f5980000,0x00000000f5980000)
  from space 62464K, 89% used [0x00000000f9e00000,0x00000000fd476a80,0x00000000fdb00000)
  to   space 70144K, 0% used [0x00000000f5980000,0x00000000f5980000,0x00000000f9e00000)
 ParOldGen       total 146432K, used 81048K [0x00000000c0000000, 0x00000000c8f00000, 0x00000000eab00000)
  object space 146432K, 55% used [0x00000000c0000000,0x00000000c4f26118,0x00000000c8f00000)
 Metaspace       used 6113K, capacity 7216K, committed 7296K, reserved 1056768K
  class space    used 588K, capacity 616K, committed 640K, reserved 1048576K
Event: 16.662 GC heap after
Heap after GC invocations=13 (full 2):
 PSYoungGen      total 248832K, used 70113K [0x00000000eab00000, 0x0000000100000000, 0x0000000100000000)
  eden space 178688K, 0% used [0x00000000eab00000,0x00000000eab00000,0x00000000f5980000)
  from space 70144K, 99% used [0x00000000f5980000,0x00000000f9df85a8,0x00000000f9e00000)
  to   space 88576K, 0% used [0x00000000fa980000,0x00000000fa980000,0x0000000100000000)
 ParOldGen       total 146432K, used 98425K [0x00000000c0000000, 0x00000000c8f00000, 0x00000000eab00000)
  object space 146432K, 67% used [0x00000000c0000000,0x00000000c601e6d0,0x00000000c8f00000)
 Metaspace       used 6113K, capacity 7216K, committed 7296K, reserved 1056768K
  class space    used 588K, capacity 616K, committed 640K, reserved 1048576K
}
Event: 18.740 GC heap before
{Heap before GC invocations=14 (full 2):
 PSYoungGen      total 248832K, used 248801K [0x00000000eab00000, 0x0000000100000000, 0x0000000100000000)
  eden space 178688K, 100% used [0x00000000eab00000,0x00000000f5980000,0x00000000f5980000)
  from space 70144K, 99% used [0x00000000f5980000,0x00000000f9df85a8,0x00000000f9e00000)
  to   space 88576K, 0% used [0x00000000fa980000,0x00000000fa980000,0x0000000100000000)
 ParOldGen       total 146432K, used 98425K [0x00000000c0000000, 0x00000000c8f00000, 0x00000000eab00000)
  object space 146432K, 67% used [0x00000000c0000000,0x00000000c601e6d0,0x00000000c8f00000)
 Metaspace       used 6134K, capacity 7216K, committed 7296K, reserved 1056768K
  class space    used 588K, capacity 616K, committed 640K, reserved 1048576K
Event: 19.073 GC heap after
Heap after GC invocations=14 (full 2):
 PSYoungGen      total 256512K, used 54065K [0x00000000eab00000, 0x0000000100000000, 0x0000000100000000)
  eden space 167936K, 0% used [0x00000000eab00000,0x00000000eab00000,0x00000000f4f00000)
  from space 88576K, 61% used [0x00000000fa980000,0x00000000fde4c728,0x0000000100000000)
  to   space 90624K, 0% used [0x00000000f4f00000,0x00000000f4f00000,0x00000000fa780000)
 ParOldGen       total 146432K, used 124667K [0x00000000c0000000, 0x00000000c8f00000, 0x00000000eab00000)
  object space 146432K, 85% used [0x00000000c0000000,0x00000000c79bee48,0x00000000c8f00000)
 Metaspace       used 6134K, capacity 7216K, committed 7296K, reserved 1056768K
  class space    used 588K, capacity 616K, committed 640K, reserved 1048576K
}
Event: 19.073 GC heap before
{Heap before GC invocations=15 (full 3):
 PSYoungGen      total 256512K, used 54065K [0x00000000eab00000, 0x0000000100000000, 0x0000000100000000)
  eden space 167936K, 0% used [0x00000000eab00000,0x00000000eab00000,0x00000000f4f00000)
  from space 88576K, 61% used [0x00000000fa980000,0x00000000fde4c728,0x0000000100000000)
  to   space 90624K, 0% used [0x00000000f4f00000,0x00000000f4f00000,0x00000000fa780000)
 ParOldGen       total 146432K, used 124667K [0x00000000c0000000, 0x00000000c8f00000, 0x00000000eab00000)
  object space 146432K, 85% used [0x00000000c0000000,0x00000000c79bee48,0x00000000c8f00000)
 Metaspace       used 6134K, capacity 7216K, committed 7296K, reserved 1056768K
  class space    used 588K, capacity 616K, committed 640K, reserved 1048576K

