# JRE version: Java(TM) SE Runtime Environment (8.0_91-b14) (build 1.8.0_91-b14)
# Java VM: Java HotSpot(TM) 64-Bit Server VM (25.91-b14 mixed mode linux-amd64 compressed oops)
Heap:
 PSYoungGen      total 276480K, used 20042K [0x00000000eab00000, 0x0000000100000000, 0x0000000100000000)
  eden space 203776K, 0% used [0x00000000eab00000,0x00000000eab00000,0x00000000f7200000)
  from space 72704K, 27% used [0x00000000f7200000,0x00000000f8592a20,0x00000000fb900000)
  to   space 69120K, 0% used [0x00000000fbc80000,0x00000000fbc80000,0x0000000100000000)
 ParOldGen       total 193536K, used 193026K [0x00000000c0000000, 0x00000000cbd00000, 0x00000000eab00000)
  object space 193536K, 99% used [0x00000000c0000000,0x00000000cbc80838,0x00000000cbd00000)
 Metaspace       used 6183K, capacity 7216K, committed 7296K, reserved 1056768K
  class space    used 588K, capacity 616K, committed 640K, reserved 1048576K
GC Heap History (10 events):
Event: 6.113 GC heap after
Heap after GC invocations=16 (full 2):
 PSYoungGen      total 277504K, used 42001K [0x00000000eab00000, 0x0000000100000000, 0x0000000100000000)
  eden space 215040K, 0% used [0x00000000eab00000,0x00000000eab00000,0x00000000f7d00000)
  from space 62464K, 67% used [0x00000000fbc80000,0x00000000fe584488,0x00000000ff980000)
  to   space 65024K, 0% used [0x00000000f7d00000,0x00000000f7d00000,0x00000000fbc80000)
 ParOldGen       total 118272K, used 100331K [0x00000000c0000000, 0x00000000c7380000, 0x00000000eab00000)
  object space 118272K, 84% used [0x00000000c0000000,0x00000000c61face8,0x00000000c7380000)
 Metaspace       used 6118K, capacity 7216K, committed 7296K, reserved 1056768K
  class space    used 588K, capacity 616K, committed 640K, reserved 1048576K
}
Event: 6.113 GC heap before
{Heap before GC invocations=17 (full 3):
 PSYoungGen      total 277504K, used 42001K [0x00000000eab00000, 0x0000000100000000, 0x0000000100000000)
  eden space 215040K, 0% used [0x00000000eab00000,0x00000000eab00000,0x00000000f7d00000)
  from space 62464K, 67% used [0x00000000fbc80000,0x00000000fe584488,0x00000000ff980000)
  to   space 65024K, 0% used [0x00000000f7d00000,0x00000000f7d00000,0x00000000fbc80000)
 ParOldGen       total 118272K, used 100331K [0x00000000c0000000, 0x00000000c7380000, 0x00000000eab00000)
  object space 118272K, 84% used [0x00000000c0000000,0x00000000c61face8,0x00000000c7380000)
 Metaspace       used 6118K, capacity 7216K, committed 7296K, reserved 1056768K
  class space    used 588K, capacity 616K, committed 640K, reserved 1048576K
Event: 6.705 GC heap after
Heap after GC invocations=17 (full 3):
 PSYoungGen      total 277504K, used 8647K [0x00000000eab00000, 0x0000000100000000, 0x0000000100000000)
  eden space 215040K, 0% used [0x00000000eab00000,0x00000000eab00000,0x00000000f7d00000)
  from space 62464K, 13% used [0x00000000fbc80000,0x00000000fc4f1c90,0x00000000ff980000)
  to   space 65024K, 0% used [0x00000000f7d00000,0x00000000f7d00000,0x00000000fbc80000)
 ParOldGen       total 193536K, used 118048K [0x00000000c0000000, 0x00000000cbd00000, 0x00000000eab00000)
  object space 193536K, 60% used [0x00000000c0000000,0x00000000c7348340,0x00000000cbd00000)
 Metaspace       used 6118K, capacity 7216K, committed 7296K, reserved 1056768K
  class space    used 588K, capacity 616K, committed 640K, reserved 1048576K
}
Event: 7.214 GC heap before
{Heap before GC invocations=18 (full 3):
 PSYoungGen      total 277504K, used 223687K [0x00000000eab00000, 0x0000000100000000, 0x0000000100000000)
  eden space 215040K, 100% used [0x00000000eab00000,0x00000000f7d00000,0x00000000f7d00000)
  from space 62464K, 13% used [0x00000000fbc80000,0x00000000fc4f1c90,0x00000000ff980000)
  to   space 65024K, 0% used [0x00000000f7d00000,0x00000000f7d00000,0x00000000fbc80000)
 ParOldGen       total 193536K, used 118048K [0x00000000c0000000, 0x00000000cbd00000, 0x00000000eab00000)
  object space 193536K, 60% used [0x00000000c0000000,0x00000000c7348340,0x00000000cbd00000)
 Metaspace       used 6152K, capacity 7216K, committed 7296K, reserved 1056768K
  class space    used 588K, capacity 616K, committed 640K, reserved 1048576K
Event: 7.287 GC heap after
Heap after GC invocations=18 (full 3):
 PSYoungGen      total 280064K, used 29887K [0x00000000eab00000, 0x00000000ffd80000, 0x0000000100000000)
  eden space 215040K, 0% used [0x00000000eab00000,0x00000000eab00000,0x00000000f7d00000)
  from space 65024K, 45% used [0x00000000f7d00000,0x00000000f9a2fc58,0x00000000fbc80000)
  to   space 62464K, 0% used [0x00000000fc080000,0x00000000fc080000,0x00000000ffd80000)
 ParOldGen       total 193536K, used 126810K [0x00000000c0000000, 0x00000000cbd00000, 0x00000000eab00000)
  object space 193536K, 65% used [0x00000000c0000000,0x00000000c7bd69f0,0x00000000cbd00000)
 Metaspace       used 6152K, capacity 7216K, committed 7296K, reserved 1056768K
  class space    used 588K, capacity 616K, committed 640K, reserved 1048576K
}
Event: 7.829 GC heap before
{Heap before GC invocations=19 (full 3):
 PSYoungGen      total 280064K, used 244927K [0x00000000eab00000, 0x00000000ffd80000, 0x0000000100000000)
  eden space 215040K, 100% used [0x00000000eab00000,0x00000000f7d00000,0x00000000f7d00000)
  from space 65024K, 45% used [0x00000000f7d00000,0x00000000f9a2fc58,0x00000000fbc80000)
  to   space 62464K, 0% used [0x00000000fc080000,0x00000000fc080000,0x00000000ffd80000)
 ParOldGen       total 193536K, used 126810K [0x00000000c0000000, 0x00000000cbd00000, 0x00000000eab00000)
  object space 193536K, 65% used [0x00000000c0000000,0x00000000c7bd69f0,0x00000000cbd00000)
 Metaspace       used 6176K, capacity 7216K, committed 7296K, reserved 1056768K
  class space    used 588K, capacity 616K, committed 640K, reserved 1048576K
Event: 7.923 GC heap after
Heap after GC invocations=19 (full 3):
 PSYoungGen      total 266240K, used 62440K [0x00000000eab00000, 0x0000000100000000, 0x0000000100000000)
  eden space 203776K, 0% used [0x00000000eab00000,0x00000000eab00000,0x00000000f7200000)
  from space 62464K, 99% used [0x00000000fc080000,0x00000000ffd7a1e8,0x00000000ffd80000)
  to   space 72704K, 0% used [0x00000000f7200000,0x00000000f7200000,0x00000000fb900000)
 ParOldGen       total 193536K, used 128434K [0x00000000c0000000, 0x00000000cbd00000, 0x00000000eab00000)
  object space 193536K, 66% used [0x00000000c0000000,0x00000000c7d6c9f0,0x00000000cbd00000)
 Metaspace       used 6176K, capacity 7216K, committed 7296K, reserved 1056768K
  class space    used 588K, capacity 616K, committed 640K, reserved 1048576K
}
Event: 8.391 GC heap before
{Heap before GC invocations=20 (full 3):
 PSYoungGen      total 266240K, used 266216K [0x00000000eab00000, 0x0000000100000000, 0x0000000100000000)
  eden space 203776K, 100% used [0x00000000eab00000,0x00000000f7200000,0x00000000f7200000)
  from space 62464K, 99% used [0x00000000fc080000,0x00000000ffd7a1e8,0x00000000ffd80000)
  to   space 72704K, 0% used [0x00000000f7200000,0x00000000f7200000,0x00000000fb900000)
 ParOldGen       total 193536K, used 128434K [0x00000000c0000000, 0x00000000cbd00000, 0x00000000eab00000)
  object space 193536K, 66% used [0x00000000c0000000,0x00000000c7d6c9f0,0x00000000cbd00000)
 Metaspace       used 6183K, capacity 7216K, committed 7296K, reserved 1056768K
  class space    used 588K, capacity 616K, committed 640K, reserved 1048576K
Event: 8.511 GC heap after
Heap after GC invocations=20 (full 3):
 PSYoungGen      total 276480K, used 28916K [0x00000000eab00000, 0x0000000100000000, 0x0000000100000000)
  eden space 203776K, 0% used [0x00000000eab00000,0x00000000eab00000,0x00000000f7200000)
  from space 72704K, 39% used [0x00000000f7200000,0x00000000f8e3d070,0x00000000fb900000)
  to   space 69120K, 0% used [0x00000000fbc80000,0x00000000fbc80000,0x0000000100000000)
 ParOldGen       total 193536K, used 186087K [0x00000000c0000000, 0x00000000cbd00000, 0x00000000eab00000)
  object space 193536K, 96% used [0x00000000c0000000,0x00000000cb5b9e58,0x00000000cbd00000)
 Metaspace       used 6183K, capacity 7216K, committed 7296K, reserved 1056768K
  class space    used 588K, capacity 616K, committed 640K, reserved 1048576K
}
Event: 8.511 GC heap before
{Heap before GC invocations=21 (full 4):
 PSYoungGen      total 276480K, used 28916K [0x00000000eab00000, 0x0000000100000000, 0x0000000100000000)
  eden space 203776K, 0% used [0x00000000eab00000,0x00000000eab00000,0x00000000f7200000)
  from space 72704K, 39% used [0x00000000f7200000,0x00000000f8e3d070,0x00000000fb900000)
  to   space 69120K, 0% used [0x00000000fbc80000,0x00000000fbc80000,0x0000000100000000)
 ParOldGen       total 193536K, used 186087K [0x00000000c0000000, 0x00000000cbd00000, 0x00000000eab00000)
  object space 193536K, 96% used [0x00000000c0000000,0x00000000cb5b9e58,0x00000000cbd00000)
 Metaspace       used 6183K, capacity 7216K, committed 7296K, reserved 1056768K
  class space    used 588K, capacity 616K, committed 640K, reserved 1048576K

