# JRE version: Java(TM) SE Runtime Environment (8.0_91-b14) (build 1.8.0_91-b14)
# Java VM: Java HotSpot(TM) 64-Bit Server VM (25.91-b14 mixed mode linux-amd64 compressed oops)
Heap:
 PSYoungGen      total 280576K, used 24063K [0x00000000eab00000, 0x0000000100000000, 0x0000000100000000)
  eden space 221184K, 0% used [0x00000000eab00000,0x00000000eab00000,0x00000000f8300000)
  from space 59392K, 40% used [0x00000000fc600000,0x00000000fdd7fd68,0x0000000100000000)
  to   space 64000K, 0% used [0x00000000f8300000,0x00000000f8300000,0x00000000fc180000)
 ParOldGen       total 173568K, used 173499K [0x00000000c0000000, 0x00000000ca980000, 0x00000000eab00000)
  object space 173568K, 99% used [0x00000000c0000000,0x00000000ca96edb8,0x00000000ca980000)
 Metaspace       used 6196K, capacity 7216K, committed 7296K, reserved 1056768K
  class space    used 588K, capacity 616K, committed 640K, reserved 1048576K
GC Heap History (10 events):
Event: 7.663 GC heap after
Heap after GC invocations=15 (full 2):
 PSYoungGen      total 268800K, used 38333K [0x00000000eab00000, 0x0000000100000000, 0x0000000100000000)
  eden space 211968K, 0% used [0x00000000eab00000,0x00000000eab00000,0x00000000f7a00000)
  from space 56832K, 67% used [0x00000000f7a00000,0x00000000f9f6f4c8,0x00000000fb180000)
  to   space 59392K, 0% used [0x00000000fc600000,0x00000000fc600000,0x0000000100000000)
 ParOldGen       total 106496K, used 98334K [0x00000000c0000000, 0x00000000c6800000, 0x00000000eab00000)
  object space 106496K, 92% used [0x00000000c0000000,0x00000000c6007bd0,0x00000000c6800000)
 Metaspace       used 6110K, capacity 7152K, committed 7296K, reserved 1056768K
  class space    used 588K, capacity 616K, committed 640K, reserved 1048576K
}
Event: 7.663 GC heap before
{Heap before GC invocations=16 (full 3):
 PSYoungGen      total 268800K, used 38333K [0x00000000eab00000, 0x0000000100000000, 0x0000000100000000)
  eden space 211968K, 0% used [0x00000000eab00000,0x00000000eab00000,0x00000000f7a00000)
  from space 56832K, 67% used [0x00000000f7a00000,0x00000000f9f6f4c8,0x00000000fb180000)
  to   space 59392K, 0% used [0x00000000fc600000,0x00000000fc600000,0x0000000100000000)
 ParOldGen       total 106496K, used 98334K [0x00000000c0000000, 0x00000000c6800000, 0x00000000eab00000)
  object space 106496K, 92% used [0x00000000c0000000,0x00000000c6007bd0,0x00000000c6800000)
 Metaspace       used 6110K, capacity 7152K, committed 7296K, reserved 1056768K
  class space    used 588K, capacity 616K, committed 640K, reserved 1048576K
Event: 8.488 GC heap after
Heap after GC invocations=16 (full 3):
 PSYoungGen      total 268800K, used 19723K [0x00000000eab00000, 0x0000000100000000, 0x0000000100000000)
  eden space 211968K, 0% used [0x00000000eab00000,0x00000000eab00000,0x00000000f7a00000)
  from space 56832K, 34% used [0x00000000f7a00000,0x00000000f8d42d28,0x00000000fb180000)
  to   space 59392K, 0% used [0x00000000fc600000,0x00000000fc600000,0x0000000100000000)
 ParOldGen       total 166912K, used 106487K [0x00000000c0000000, 0x00000000ca300000, 0x00000000eab00000)
  object space 166912K, 63% used [0x00000000c0000000,0x00000000c67fdd48,0x00000000ca300000)
 Metaspace       used 6110K, capacity 7152K, committed 7296K, reserved 1056768K
  class space    used 588K, capacity 616K, committed 640K, reserved 1048576K
}
Event: 9.175 GC heap before
{Heap before GC invocations=17 (full 3):
 PSYoungGen      total 268800K, used 231691K [0x00000000eab00000, 0x0000000100000000, 0x0000000100000000)
  eden space 211968K, 100% used [0x00000000eab00000,0x00000000f7a00000,0x00000000f7a00000)
  from space 56832K, 34% used [0x00000000f7a00000,0x00000000f8d42d28,0x00000000fb180000)
  to   space 59392K, 0% used [0x00000000fc600000,0x00000000fc600000,0x0000000100000000)
 ParOldGen       total 166912K, used 106487K [0x00000000c0000000, 0x00000000ca300000, 0x00000000eab00000)
  object space 166912K, 63% used [0x00000000c0000000,0x00000000c67fdd48,0x00000000ca300000)
 Metaspace       used 6170K, capacity 7216K, committed 7296K, reserved 1056768K
  class space    used 588K, capacity 616K, committed 640K, reserved 1048576K
Event: 9.308 GC heap after
Heap after GC invocations=17 (full 3):
 PSYoungGen      total 290816K, used 29839K [0x00000000eab00000, 0x0000000100000000, 0x0000000100000000)
  eden space 231424K, 0% used [0x00000000eab00000,0x00000000eab00000,0x00000000f8d00000)
  from space 59392K, 50% used [0x00000000fc600000,0x00000000fe323c80,0x0000000100000000)
  to   space 58368K, 0% used [0x00000000f8d00000,0x00000000f8d00000,0x00000000fc600000)
 ParOldGen       total 166912K, used 110983K [0x00000000c0000000, 0x00000000ca300000, 0x00000000eab00000)
  object space 166912K, 66% used [0x00000000c0000000,0x00000000c6c61d48,0x00000000ca300000)
 Metaspace       used 6170K, capacity 7216K, committed 7296K, reserved 1056768K
  class space    used 588K, capacity 616K, committed 640K, reserved 1048576K
}
Event: 10.071 GC heap before
{Heap before GC invocations=18 (full 3):
 PSYoungGen      total 290816K, used 261263K [0x00000000eab00000, 0x0000000100000000, 0x0000000100000000)
  eden space 231424K, 100% used [0x00000000eab00000,0x00000000f8d00000,0x00000000f8d00000)
  from space 59392K, 50% used [0x00000000fc600000,0x00000000fe323c80,0x0000000100000000)
  to   space 58368K, 0% used [0x00000000f8d00000,0x00000000f8d00000,0x00000000fc600000)
 ParOldGen       total 166912K, used 110983K [0x00000000c0000000, 0x00000000ca300000, 0x00000000eab00000)
  object space 166912K, 66% used [0x00000000c0000000,0x00000000c6c61d48,0x00000000ca300000)
 Metaspace       used 6181K, capacity 7216K, committed 7296K, reserved 1056768K
  class space    used 588K, capacity 616K, committed 640K, reserved 1048576K
Event: 10.195 GC heap after
Heap after GC invocations=18 (full 3):
 PSYoungGen      total 289792K, used 58361K [0x00000000eab00000, 0x0000000100000000, 0x0000000100000000)
  eden space 231424K, 0% used [0x00000000eab00000,0x00000000eab00000,0x00000000f8d00000)
  from space 58368K, 99% used [0x00000000f8d00000,0x00000000fc5fe628,0x00000000fc600000)
  to   space 59392K, 0% used [0x00000000fc600000,0x00000000fc600000,0x0000000100000000)
 ParOldGen       total 166912K, used 113304K [0x00000000c0000000, 0x00000000ca300000, 0x00000000eab00000)
  object space 166912K, 67% used [0x00000000c0000000,0x00000000c6ea6180,0x00000000ca300000)
 Metaspace       used 6181K, capacity 7216K, committed 7296K, reserved 1056768K
  class space    used 588K, capacity 616K, committed 640K, reserved 1048576K
}
Event: 11.778 GC heap before
{Heap before GC invocations=19 (full 3):
 PSYoungGen      total 289792K, used 289785K [0x00000000eab00000, 0x0000000100000000, 0x0000000100000000)
  eden space 231424K, 100% used [0x00000000eab00000,0x00000000f8d00000,0x00000000f8d00000)
  from space 58368K, 99% used [0x00000000f8d00000,0x00000000fc5fe628,0x00000000fc600000)
  to   space 59392K, 0% used [0x00000000fc600000,0x00000000fc600000,0x0000000100000000)
 ParOldGen       total 166912K, used 113304K [0x00000000c0000000, 0x00000000ca300000, 0x00000000eab00000)
  object space 166912K, 67% used [0x00000000c0000000,0x00000000c6ea6180,0x00000000ca300000)
 Metaspace       used 6196K, capacity 7216K, committed 7296K, reserved 1056768K
  class space    used 588K, capacity 616K, committed 640K, reserved 1048576K
Event: 11.948 GC heap after
Heap after GC invocations=19 (full 3):
 PSYoungGen      total 280576K, used 28287K [0x00000000eab00000, 0x0000000100000000, 0x0000000100000000)
  eden space 221184K, 0% used [0x00000000eab00000,0x00000000eab00000,0x00000000f8300000)
  from space 59392K, 47% used [0x00000000fc600000,0x00000000fe19fd58,0x0000000100000000)
  to   space 64000K, 0% used [0x00000000f8300000,0x00000000f8300000,0x00000000fc180000)
 ParOldGen       total 173568K, used 171804K [0x00000000c0000000, 0x00000000ca980000, 0x00000000eab00000)
  object space 173568K, 98% used [0x00000000c0000000,0x00000000ca7c72b8,0x00000000ca980000)
 Metaspace       used 6196K, capacity 7216K, committed 7296K, reserved 1056768K
  class space    used 588K, capacity 616K, committed 640K, reserved 1048576K
}
Event: 11.948 GC heap before
{Heap before GC invocations=20 (full 4):
 PSYoungGen      total 280576K, used 28287K [0x00000000eab00000, 0x0000000100000000, 0x0000000100000000)
  eden space 221184K, 0% used [0x00000000eab00000,0x00000000eab00000,0x00000000f8300000)
  from space 59392K, 47% used [0x00000000fc600000,0x00000000fe19fd58,0x0000000100000000)
  to   space 64000K, 0% used [0x00000000f8300000,0x00000000f8300000,0x00000000fc180000)
 ParOldGen       total 173568K, used 171804K [0x00000000c0000000, 0x00000000ca980000, 0x00000000eab00000)
  object space 173568K, 98% used [0x00000000c0000000,0x00000000ca7c72b8,0x00000000ca980000)
 Metaspace       used 6196K, capacity 7216K, committed 7296K, reserved 1056768K
  class space    used 588K, capacity 616K, committed 640K, reserved 1048576K

